[2025-03-26 04:28:20] local.ERROR: Maximum execution time of 30 seconds exceeded {"exception":"[object] (Symfony\\Component\\ErrorHandler\\Error\\FatalError(code: 0): Maximum execution time of 30 seconds exceeded at F:\\Work\\Sulochana\\Buyme.lk\\Buy-me\\vendor\\composer\\ClassLoader.php:429)
[stacktrace]
#0 {main}
"} 
[2025-03-26 05:21:17] local.ERROR: Maximum execution time of 30 seconds exceeded {"exception":"[object] (Symfony\\Component\\ErrorHandler\\Error\\FatalError(code: 0): Maximum execution time of 30 seconds exceeded at F:\\Work\\Sulochana\\Buyme.lk\\Buy-me\\vendor\\spatie\\error-solutions\\src\\SolutionProviderRepository.php:12)
[stacktrace]
#0 {main}
"} 
[2025-03-26 05:27:54] local.ERROR: Maximum execution time of 30 seconds exceeded {"exception":"[object] (Symfony\\Component\\ErrorHandler\\Error\\FatalError(code: 0): Maximum execution time of 30 seconds exceeded at F:\\Work\\Sulochana\\Buyme.lk\\Buy-me\\vendor\\composer\\ClassLoader.php:429)
[stacktrace]
#0 {main}
"} 
[2025-03-26 05:40:27] local.ERROR: Maximum execution time of 30 seconds exceeded {"exception":"[object] (Symfony\\Component\\ErrorHandler\\Error\\FatalError(code: 0): Maximum execution time of 30 seconds exceeded at F:\\Work\\Sulochana\\Buyme.lk\\Buy-me\\vendor\\composer\\ClassLoader.php:429)
[stacktrace]
#0 {main}
"} 
[2025-03-26 09:37:06] local.ERROR: Maximum execution time of 30 seconds exceeded {"exception":"[object] (Symfony\\Component\\ErrorHandler\\Error\\FatalError(code: 0): Maximum execution time of 30 seconds exceeded at F:\\Work\\Sulochana\\Buyme.lk\\Buy-me\\vendor\\composer\\ClassLoader.php:429)
[stacktrace]
#0 {main}
"} 
[2025-03-26 12:40:08] local.ERROR: Array to string conversion {"exception":"[object] (ErrorException(code: 0): Array to string conversion at F:\\Work\\Sulochana\\Buyme.lk\\Buy-me\\vendor\\laravel\\framework\\src\\Illuminate\\Support\\Stringable.php:33)
[stacktrace]
#0 F:\\Work\\Sulochana\\Buyme.lk\\Buy-me\\vendor\\laravel\\framework\\src\\Illuminate\\Foundation\\Bootstrap\\HandleExceptions.php(255): Illuminate\\Foundation\\Bootstrap\\HandleExceptions->handleError()
#1 F:\\Work\\Sulochana\\Buyme.lk\\Buy-me\\vendor\\laravel\\framework\\src\\Illuminate\\Support\\Stringable.php(33): Illuminate\\Foundation\\Bootstrap\\HandleExceptions->Illuminate\\Foundation\\Bootstrap\\{closure}()
#2 F:\\Work\\Sulochana\\Buyme.lk\\Buy-me\\vendor\\laravel\\framework\\src\\Illuminate\\Support\\Str.php(76): Illuminate\\Support\\Stringable->__construct()
#3 F:\\Work\\Sulochana\\Buyme.lk\\Buy-me\\vendor\\laravel\\framework\\src\\Illuminate\\Support\\helpers.php(302): Illuminate\\Support\\Str::of()
#4 F:\\Work\\Sulochana\\Buyme.lk\\Buy-me\\app\\Http\\Controllers\\Api\\Country\\itiTrait.php(58): str()
#5 F:\\Work\\Sulochana\\Buyme.lk\\Buy-me\\app\\Http\\Controllers\\Api\\CountryController.php(51): App\\Http\\Controllers\\Api\\CountryController->getItiCountries()
#6 F:\\Work\\Sulochana\\Buyme.lk\\Buy-me\\vendor\\laravel\\framework\\src\\Illuminate\\Routing\\Controller.php(54): App\\Http\\Controllers\\Api\\CountryController->index()
#7 F:\\Work\\Sulochana\\Buyme.lk\\Buy-me\\vendor\\laravel\\framework\\src\\Illuminate\\Routing\\ControllerDispatcher.php(43): Illuminate\\Routing\\Controller->callAction()
#8 F:\\Work\\Sulochana\\Buyme.lk\\Buy-me\\vendor\\laravel\\framework\\src\\Illuminate\\Routing\\Route.php(259): Illuminate\\Routing\\ControllerDispatcher->dispatch()
#9 F:\\Work\\Sulochana\\Buyme.lk\\Buy-me\\vendor\\laravel\\framework\\src\\Illuminate\\Routing\\Route.php(205): Illuminate\\Routing\\Route->runController()
#10 F:\\Work\\Sulochana\\Buyme.lk\\Buy-me\\vendor\\laravel\\framework\\src\\Illuminate\\Routing\\Router.php(806): Illuminate\\Routing\\Route->run()
#11 F:\\Work\\Sulochana\\Buyme.lk\\Buy-me\\vendor\\laravel\\framework\\src\\Illuminate\\Pipeline\\Pipeline.php(144): Illuminate\\Routing\\Router->Illuminate\\Routing\\{closure}()
#12 F:\\Work\\Sulochana\\Buyme.lk\\Buy-me\\app\\Http\\Middleware\\LastUserActivity.php(76): Illuminate\\Pipeline\\Pipeline->Illuminate\\Pipeline\\{closure}()
#13 F:\\Work\\Sulochana\\Buyme.lk\\Buy-me\\vendor\\laravel\\framework\\src\\Illuminate\\Pipeline\\Pipeline.php(183): App\\Http\\Middleware\\LastUserActivity->handle()
#14 F:\\Work\\Sulochana\\Buyme.lk\\Buy-me\\app\\Http\\Middleware\\BannedUser.php(95): Illuminate\\Pipeline\\Pipeline->Illuminate\\Pipeline\\{closure}()
#15 F:\\Work\\Sulochana\\Buyme.lk\\Buy-me\\vendor\\laravel\\framework\\src\\Illuminate\\Pipeline\\Pipeline.php(183): App\\Http\\Middleware\\BannedUser->handle()
#16 F:\\Work\\Sulochana\\Buyme.lk\\Buy-me\\app\\Http\\Middleware\\IsVerifiedUser.php(50): Illuminate\\Pipeline\\Pipeline->Illuminate\\Pipeline\\{closure}()
#17 F:\\Work\\Sulochana\\Buyme.lk\\Buy-me\\vendor\\laravel\\framework\\src\\Illuminate\\Pipeline\\Pipeline.php(183): App\\Http\\Middleware\\IsVerifiedUser->handle()
#18 F:\\Work\\Sulochana\\Buyme.lk\\Buy-me\\app\\Http\\Middleware\\GetLocalization.php(50): Illuminate\\Pipeline\\Pipeline->Illuminate\\Pipeline\\{closure}()
#19 F:\\Work\\Sulochana\\Buyme.lk\\Buy-me\\vendor\\laravel\\framework\\src\\Illuminate\\Pipeline\\Pipeline.php(183): App\\Http\\Middleware\\GetLocalization->handle()
#20 F:\\Work\\Sulochana\\Buyme.lk\\Buy-me\\app\\Http\\Middleware\\DemoRestriction.php(34): Illuminate\\Pipeline\\Pipeline->Illuminate\\Pipeline\\{closure}()
#21 F:\\Work\\Sulochana\\Buyme.lk\\Buy-me\\vendor\\laravel\\framework\\src\\Illuminate\\Pipeline\\Pipeline.php(183): App\\Http\\Middleware\\DemoRestriction->handle()
#22 F:\\Work\\Sulochana\\Buyme.lk\\Buy-me\\app\\Http\\Middleware\\RequirementsChecker.php(47): Illuminate\\Pipeline\\Pipeline->Illuminate\\Pipeline\\{closure}()
#23 F:\\Work\\Sulochana\\Buyme.lk\\Buy-me\\vendor\\laravel\\framework\\src\\Illuminate\\Pipeline\\Pipeline.php(183): App\\Http\\Middleware\\RequirementsChecker->handle()
#24 F:\\Work\\Sulochana\\Buyme.lk\\Buy-me\\vendor\\laravel\\framework\\src\\Illuminate\\Routing\\Middleware\\SubstituteBindings.php(50): Illuminate\\Pipeline\\Pipeline->Illuminate\\Pipeline\\{closure}()
#25 F:\\Work\\Sulochana\\Buyme.lk\\Buy-me\\vendor\\laravel\\framework\\src\\Illuminate\\Pipeline\\Pipeline.php(183): Illuminate\\Routing\\Middleware\\SubstituteBindings->handle()
#26 F:\\Work\\Sulochana\\Buyme.lk\\Buy-me\\vendor\\laravel\\framework\\src\\Illuminate\\Routing\\Middleware\\ThrottleRequests.php(122): Illuminate\\Pipeline\\Pipeline->Illuminate\\Pipeline\\{closure}()
#27 F:\\Work\\Sulochana\\Buyme.lk\\Buy-me\\vendor\\laravel\\framework\\src\\Illuminate\\Routing\\Middleware\\ThrottleRequests.php(87): Illuminate\\Routing\\Middleware\\ThrottleRequests->handleRequestUsingNamedLimiter()
#28 F:\\Work\\Sulochana\\Buyme.lk\\Buy-me\\vendor\\laravel\\framework\\src\\Illuminate\\Pipeline\\Pipeline.php(183): Illuminate\\Routing\\Middleware\\ThrottleRequests->handle()
#29 F:\\Work\\Sulochana\\Buyme.lk\\Buy-me\\vendor\\laravel\\sanctum\\src\\Http\\Middleware\\EnsureFrontendRequestsAreStateful.php(25): Illuminate\\Pipeline\\Pipeline->Illuminate\\Pipeline\\{closure}()
#30 F:\\Work\\Sulochana\\Buyme.lk\\Buy-me\\vendor\\laravel\\framework\\src\\Illuminate\\Pipeline\\Pipeline.php(144): Laravel\\Sanctum\\Http\\Middleware\\EnsureFrontendRequestsAreStateful->Laravel\\Sanctum\\Http\\Middleware\\{closure}()
#31 F:\\Work\\Sulochana\\Buyme.lk\\Buy-me\\vendor\\laravel\\framework\\src\\Illuminate\\Pipeline\\Pipeline.php(119): Illuminate\\Pipeline\\Pipeline->Illuminate\\Pipeline\\{closure}()
#32 F:\\Work\\Sulochana\\Buyme.lk\\Buy-me\\vendor\\laravel\\sanctum\\src\\Http\\Middleware\\EnsureFrontendRequestsAreStateful.php(24): Illuminate\\Pipeline\\Pipeline->then()
#33 F:\\Work\\Sulochana\\Buyme.lk\\Buy-me\\vendor\\laravel\\framework\\src\\Illuminate\\Pipeline\\Pipeline.php(183): Laravel\\Sanctum\\Http\\Middleware\\EnsureFrontendRequestsAreStateful->handle()
#34 F:\\Work\\Sulochana\\Buyme.lk\\Buy-me\\app\\Http\\Middleware\\VerifyAPIAccess.php(47): Illuminate\\Pipeline\\Pipeline->Illuminate\\Pipeline\\{closure}()
#35 F:\\Work\\Sulochana\\Buyme.lk\\Buy-me\\vendor\\laravel\\framework\\src\\Illuminate\\Pipeline\\Pipeline.php(183): App\\Http\\Middleware\\VerifyAPIAccess->handle()
#36 F:\\Work\\Sulochana\\Buyme.lk\\Buy-me\\app\\Http\\Middleware\\Installed.php(60): Illuminate\\Pipeline\\Pipeline->Illuminate\\Pipeline\\{closure}()
#37 F:\\Work\\Sulochana\\Buyme.lk\\Buy-me\\app\\Http\\Middleware\\Installed.php(43): App\\Http\\Middleware\\Installed->handleApi()
#38 F:\\Work\\Sulochana\\Buyme.lk\\Buy-me\\vendor\\laravel\\framework\\src\\Illuminate\\Pipeline\\Pipeline.php(183): App\\Http\\Middleware\\Installed->handle()
#39 F:\\Work\\Sulochana\\Buyme.lk\\Buy-me\\vendor\\laravel\\framework\\src\\Illuminate\\Pipeline\\Pipeline.php(119): Illuminate\\Pipeline\\Pipeline->Illuminate\\Pipeline\\{closure}()
#40 F:\\Work\\Sulochana\\Buyme.lk\\Buy-me\\vendor\\laravel\\framework\\src\\Illuminate\\Routing\\Router.php(805): Illuminate\\Pipeline\\Pipeline->then()
#41 F:\\Work\\Sulochana\\Buyme.lk\\Buy-me\\vendor\\laravel\\framework\\src\\Illuminate\\Routing\\Router.php(784): Illuminate\\Routing\\Router->runRouteWithinStack()
#42 F:\\Work\\Sulochana\\Buyme.lk\\Buy-me\\vendor\\laravel\\framework\\src\\Illuminate\\Routing\\Router.php(748): Illuminate\\Routing\\Router->runRoute()
#43 F:\\Work\\Sulochana\\Buyme.lk\\Buy-me\\vendor\\laravel\\framework\\src\\Illuminate\\Routing\\Router.php(737): Illuminate\\Routing\\Router->dispatchToRoute()
#44 F:\\Work\\Sulochana\\Buyme.lk\\Buy-me\\vendor\\laravel\\framework\\src\\Illuminate\\Support\\Facades\\Facade.php(355): Illuminate\\Routing\\Router->dispatch()
#45 F:\\Work\\Sulochana\\Buyme.lk\\Buy-me\\app\\Helpers\\Functions\\api.php(254): Illuminate\\Support\\Facades\\Facade::__callStatic()
#46 F:\\Work\\Sulochana\\Buyme.lk\\Buy-me\\app\\Helpers\\Functions\\api.php(162): laravelSubRequest()
#47 F:\\Work\\Sulochana\\Buyme.lk\\Buy-me\\app\\Http\\Controllers\\Web\\Public\\Traits\\HasIntlTelInput.php(78): makeApiRequest()
#48 F:\\Work\\Sulochana\\Buyme.lk\\Buy-me\\app\\Http\\Controllers\\Web\\Public\\Traits\\HasIntlTelInput.php(59): App\\Http\\Controllers\\Web\\Admin\\FileController->getItiCountriesWithoutCache()
#49 F:\\Work\\Sulochana\\Buyme.lk\\Buy-me\\vendor\\laravel\\framework\\src\\Illuminate\\Cache\\Repository.php(396): App\\Http\\Controllers\\Web\\Admin\\FileController->App\\Http\\Controllers\\Web\\Public\\Traits\\{closure}()
#50 F:\\Work\\Sulochana\\Buyme.lk\\Buy-me\\vendor\\laravel\\framework\\src\\Illuminate\\Cache\\CacheManager.php(429): Illuminate\\Cache\\Repository->remember()
#51 F:\\Work\\Sulochana\\Buyme.lk\\Buy-me\\app\\Http\\Controllers\\Web\\Public\\Traits\\HasIntlTelInput.php(58): Illuminate\\Cache\\CacheManager->__call()
#52 F:\\Work\\Sulochana\\Buyme.lk\\Buy-me\\app\\Http\\Controllers\\Web\\Public\\Traits\\HasIntlTelInput.php(30): App\\Http\\Controllers\\Web\\Admin\\FileController->getItiCountries()
#53 F:\\Work\\Sulochana\\Buyme.lk\\Buy-me\\vendor\\laravel\\framework\\src\\Illuminate\\Routing\\Controller.php(54): App\\Http\\Controllers\\Web\\Admin\\FileController->intlTelInputData()
#54 F:\\Work\\Sulochana\\Buyme.lk\\Buy-me\\vendor\\laravel\\framework\\src\\Illuminate\\Routing\\ControllerDispatcher.php(43): Illuminate\\Routing\\Controller->callAction()
#55 F:\\Work\\Sulochana\\Buyme.lk\\Buy-me\\vendor\\laravel\\framework\\src\\Illuminate\\Routing\\Route.php(259): Illuminate\\Routing\\ControllerDispatcher->dispatch()
#56 F:\\Work\\Sulochana\\Buyme.lk\\Buy-me\\vendor\\laravel\\framework\\src\\Illuminate\\Routing\\Route.php(205): Illuminate\\Routing\\Route->runController()
#57 F:\\Work\\Sulochana\\Buyme.lk\\Buy-me\\vendor\\laravel\\framework\\src\\Illuminate\\Routing\\Router.php(806): Illuminate\\Routing\\Route->run()
#58 F:\\Work\\Sulochana\\Buyme.lk\\Buy-me\\vendor\\laravel\\framework\\src\\Illuminate\\Pipeline\\Pipeline.php(144): Illuminate\\Routing\\Router->Illuminate\\Routing\\{closure}()
#59 F:\\Work\\Sulochana\\Buyme.lk\\Buy-me\\app\\Http\\Middleware\\Installed.php(134): Illuminate\\Pipeline\\Pipeline->Illuminate\\Pipeline\\{closure}()
#60 F:\\Work\\Sulochana\\Buyme.lk\\Buy-me\\app\\Http\\Middleware\\Installed.php(45): App\\Http\\Middleware\\Installed->handleWeb()
#61 F:\\Work\\Sulochana\\Buyme.lk\\Buy-me\\vendor\\laravel\\framework\\src\\Illuminate\\Pipeline\\Pipeline.php(183): App\\Http\\Middleware\\Installed->handle()
#62 F:\\Work\\Sulochana\\Buyme.lk\\Buy-me\\vendor\\barryvdh\\laravel-debugbar\\src\\Middleware\\InjectDebugbar.php(59): Illuminate\\Pipeline\\Pipeline->Illuminate\\Pipeline\\{closure}()
#63 F:\\Work\\Sulochana\\Buyme.lk\\Buy-me\\vendor\\laravel\\framework\\src\\Illuminate\\Pipeline\\Pipeline.php(183): Barryvdh\\Debugbar\\Middleware\\InjectDebugbar->handle()
#64 F:\\Work\\Sulochana\\Buyme.lk\\Buy-me\\app\\Http\\Middleware\\HtmlMinify.php(36): Illuminate\\Pipeline\\Pipeline->Illuminate\\Pipeline\\{closure}()
#65 F:\\Work\\Sulochana\\Buyme.lk\\Buy-me\\vendor\\laravel\\framework\\src\\Illuminate\\Pipeline\\Pipeline.php(183): App\\Http\\Middleware\\HtmlMinify->handle()
#66 F:\\Work\\Sulochana\\Buyme.lk\\Buy-me\\app\\Http\\Middleware\\ResourceHints.php(36): Illuminate\\Pipeline\\Pipeline->Illuminate\\Pipeline\\{closure}()
#67 F:\\Work\\Sulochana\\Buyme.lk\\Buy-me\\vendor\\laravel\\framework\\src\\Illuminate\\Pipeline\\Pipeline.php(183): App\\Http\\Middleware\\ResourceHints->handle()
#68 F:\\Work\\Sulochana\\Buyme.lk\\Buy-me\\app\\Http\\Middleware\\LazyLoading.php(37): Illuminate\\Pipeline\\Pipeline->Illuminate\\Pipeline\\{closure}()
#69 F:\\Work\\Sulochana\\Buyme.lk\\Buy-me\\vendor\\laravel\\framework\\src\\Illuminate\\Pipeline\\Pipeline.php(183): App\\Http\\Middleware\\LazyLoading->handle()
#70 F:\\Work\\Sulochana\\Buyme.lk\\Buy-me\\app\\Http\\Middleware\\HttpsProtocol.php(42): Illuminate\\Pipeline\\Pipeline->Illuminate\\Pipeline\\{closure}()
#71 F:\\Work\\Sulochana\\Buyme.lk\\Buy-me\\vendor\\laravel\\framework\\src\\Illuminate\\Pipeline\\Pipeline.php(183): App\\Http\\Middleware\\HttpsProtocol->handle()
#72 F:\\Work\\Sulochana\\Buyme.lk\\Buy-me\\app\\Http\\Middleware\\BannedUser.php(48): Illuminate\\Pipeline\\Pipeline->Illuminate\\Pipeline\\{closure}()
#73 F:\\Work\\Sulochana\\Buyme.lk\\Buy-me\\vendor\\laravel\\framework\\src\\Illuminate\\Pipeline\\Pipeline.php(183): App\\Http\\Middleware\\BannedUser->handle()
#74 F:\\Work\\Sulochana\\Buyme.lk\\Buy-me\\app\\Http\\Middleware\\IsVerifiedUser.php(41): Illuminate\\Pipeline\\Pipeline->Illuminate\\Pipeline\\{closure}()
#75 F:\\Work\\Sulochana\\Buyme.lk\\Buy-me\\vendor\\laravel\\framework\\src\\Illuminate\\Pipeline\\Pipeline.php(183): App\\Http\\Middleware\\IsVerifiedUser->handle()
#76 F:\\Work\\Sulochana\\Buyme.lk\\Buy-me\\app\\Http\\Middleware\\TipsMessages.php(98): Illuminate\\Pipeline\\Pipeline->Illuminate\\Pipeline\\{closure}()
#77 F:\\Work\\Sulochana\\Buyme.lk\\Buy-me\\vendor\\laravel\\framework\\src\\Illuminate\\Pipeline\\Pipeline.php(183): App\\Http\\Middleware\\TipsMessages->handle()
#78 F:\\Work\\Sulochana\\Buyme.lk\\Buy-me\\app\\Http\\Middleware\\SetDefaultLocale.php(50): Illuminate\\Pipeline\\Pipeline->Illuminate\\Pipeline\\{closure}()
#79 F:\\Work\\Sulochana\\Buyme.lk\\Buy-me\\vendor\\laravel\\framework\\src\\Illuminate\\Pipeline\\Pipeline.php(183): App\\Http\\Middleware\\SetDefaultLocale->handle()
#80 F:\\Work\\Sulochana\\Buyme.lk\\Buy-me\\app\\Http\\Middleware\\SetCountryLocale.php(40): Illuminate\\Pipeline\\Pipeline->Illuminate\\Pipeline\\{closure}()
#81 F:\\Work\\Sulochana\\Buyme.lk\\Buy-me\\vendor\\laravel\\framework\\src\\Illuminate\\Pipeline\\Pipeline.php(183): App\\Http\\Middleware\\SetCountryLocale->handle()
#82 F:\\Work\\Sulochana\\Buyme.lk\\Buy-me\\app\\Http\\Middleware\\SetBrowserLocale.php(45): Illuminate\\Pipeline\\Pipeline->Illuminate\\Pipeline\\{closure}()
#83 F:\\Work\\Sulochana\\Buyme.lk\\Buy-me\\vendor\\laravel\\framework\\src\\Illuminate\\Pipeline\\Pipeline.php(183): App\\Http\\Middleware\\SetBrowserLocale->handle()
#84 F:\\Work\\Sulochana\\Buyme.lk\\Buy-me\\app\\Http\\Middleware\\GetLocalization.php(50): Illuminate\\Pipeline\\Pipeline->Illuminate\\Pipeline\\{closure}()
#85 F:\\Work\\Sulochana\\Buyme.lk\\Buy-me\\vendor\\laravel\\framework\\src\\Illuminate\\Pipeline\\Pipeline.php(183): App\\Http\\Middleware\\GetLocalization->handle()
#86 F:\\Work\\Sulochana\\Buyme.lk\\Buy-me\\app\\Http\\Middleware\\InputRequest.php(42): Illuminate\\Pipeline\\Pipeline->Illuminate\\Pipeline\\{closure}()
#87 F:\\Work\\Sulochana\\Buyme.lk\\Buy-me\\vendor\\laravel\\framework\\src\\Illuminate\\Pipeline\\Pipeline.php(183): App\\Http\\Middleware\\InputRequest->handle()
#88 F:\\Work\\Sulochana\\Buyme.lk\\Buy-me\\app\\Http\\Middleware\\DemoRestriction.php(34): Illuminate\\Pipeline\\Pipeline->Illuminate\\Pipeline\\{closure}()
#89 F:\\Work\\Sulochana\\Buyme.lk\\Buy-me\\vendor\\laravel\\framework\\src\\Illuminate\\Pipeline\\Pipeline.php(183): App\\Http\\Middleware\\DemoRestriction->handle()
#90 F:\\Work\\Sulochana\\Buyme.lk\\Buy-me\\app\\Http\\Middleware\\ReferrerChecker.php(37): Illuminate\\Pipeline\\Pipeline->Illuminate\\Pipeline\\{closure}()
#91 F:\\Work\\Sulochana\\Buyme.lk\\Buy-me\\vendor\\laravel\\framework\\src\\Illuminate\\Pipeline\\Pipeline.php(183): App\\Http\\Middleware\\ReferrerChecker->handle()
#92 F:\\Work\\Sulochana\\Buyme.lk\\Buy-me\\app\\Http\\Middleware\\RequirementsChecker.php(47): Illuminate\\Pipeline\\Pipeline->Illuminate\\Pipeline\\{closure}()
#93 F:\\Work\\Sulochana\\Buyme.lk\\Buy-me\\vendor\\laravel\\framework\\src\\Illuminate\\Pipeline\\Pipeline.php(183): App\\Http\\Middleware\\RequirementsChecker->handle()
#94 F:\\Work\\Sulochana\\Buyme.lk\\Buy-me\\vendor\\laravel\\framework\\src\\Illuminate\\Routing\\Middleware\\SubstituteBindings.php(50): Illuminate\\Pipeline\\Pipeline->Illuminate\\Pipeline\\{closure}()
#95 F:\\Work\\Sulochana\\Buyme.lk\\Buy-me\\vendor\\laravel\\framework\\src\\Illuminate\\Pipeline\\Pipeline.php(183): Illuminate\\Routing\\Middleware\\SubstituteBindings->handle()
#96 F:\\Work\\Sulochana\\Buyme.lk\\Buy-me\\vendor\\laravel\\framework\\src\\Illuminate\\Foundation\\Http\\Middleware\\VerifyCsrfToken.php(78): Illuminate\\Pipeline\\Pipeline->Illuminate\\Pipeline\\{closure}()
#97 F:\\Work\\Sulochana\\Buyme.lk\\Buy-me\\app\\Http\\Middleware\\VerifyCsrfToken.php(62): Illuminate\\Foundation\\Http\\Middleware\\VerifyCsrfToken->handle()
#98 F:\\Work\\Sulochana\\Buyme.lk\\Buy-me\\vendor\\laravel\\framework\\src\\Illuminate\\Pipeline\\Pipeline.php(183): App\\Http\\Middleware\\VerifyCsrfToken->handle()
#99 F:\\Work\\Sulochana\\Buyme.lk\\Buy-me\\vendor\\laravel\\framework\\src\\Illuminate\\View\\Middleware\\ShareErrorsFromSession.php(49): Illuminate\\Pipeline\\Pipeline->Illuminate\\Pipeline\\{closure}()
#100 F:\\Work\\Sulochana\\Buyme.lk\\Buy-me\\vendor\\laravel\\framework\\src\\Illuminate\\Pipeline\\Pipeline.php(183): Illuminate\\View\\Middleware\\ShareErrorsFromSession->handle()
#101 F:\\Work\\Sulochana\\Buyme.lk\\Buy-me\\vendor\\laravel\\framework\\src\\Illuminate\\Session\\Middleware\\StartSession.php(121): Illuminate\\Pipeline\\Pipeline->Illuminate\\Pipeline\\{closure}()
#102 F:\\Work\\Sulochana\\Buyme.lk\\Buy-me\\vendor\\laravel\\framework\\src\\Illuminate\\Session\\Middleware\\StartSession.php(64): Illuminate\\Session\\Middleware\\StartSession->handleStatefulRequest()
#103 F:\\Work\\Sulochana\\Buyme.lk\\Buy-me\\app\\Http\\Middleware\\StartSessionExtended.php(35): Illuminate\\Session\\Middleware\\StartSession->handle()
#104 F:\\Work\\Sulochana\\Buyme.lk\\Buy-me\\vendor\\laravel\\framework\\src\\Illuminate\\Pipeline\\Pipeline.php(183): App\\Http\\Middleware\\StartSessionExtended->handle()
#105 F:\\Work\\Sulochana\\Buyme.lk\\Buy-me\\vendor\\laravel\\framework\\src\\Illuminate\\Cookie\\Middleware\\AddQueuedCookiesToResponse.php(37): Illuminate\\Pipeline\\Pipeline->Illuminate\\Pipeline\\{closure}()
#106 F:\\Work\\Sulochana\\Buyme.lk\\Buy-me\\vendor\\laravel\\framework\\src\\Illuminate\\Pipeline\\Pipeline.php(183): Illuminate\\Cookie\\Middleware\\AddQueuedCookiesToResponse->handle()
#107 F:\\Work\\Sulochana\\Buyme.lk\\Buy-me\\vendor\\laravel\\framework\\src\\Illuminate\\Cookie\\Middleware\\EncryptCookies.php(67): Illuminate\\Pipeline\\Pipeline->Illuminate\\Pipeline\\{closure}()
#108 F:\\Work\\Sulochana\\Buyme.lk\\Buy-me\\vendor\\laravel\\framework\\src\\Illuminate\\Pipeline\\Pipeline.php(183): Illuminate\\Cookie\\Middleware\\EncryptCookies->handle()
#109 F:\\Work\\Sulochana\\Buyme.lk\\Buy-me\\vendor\\laravel\\framework\\src\\Illuminate\\Pipeline\\Pipeline.php(119): Illuminate\\Pipeline\\Pipeline->Illuminate\\Pipeline\\{closure}()
#110 F:\\Work\\Sulochana\\Buyme.lk\\Buy-me\\vendor\\laravel\\framework\\src\\Illuminate\\Routing\\Router.php(805): Illuminate\\Pipeline\\Pipeline->then()
#111 F:\\Work\\Sulochana\\Buyme.lk\\Buy-me\\vendor\\laravel\\framework\\src\\Illuminate\\Routing\\Router.php(784): Illuminate\\Routing\\Router->runRouteWithinStack()
#112 F:\\Work\\Sulochana\\Buyme.lk\\Buy-me\\vendor\\laravel\\framework\\src\\Illuminate\\Routing\\Router.php(748): Illuminate\\Routing\\Router->runRoute()
#113 F:\\Work\\Sulochana\\Buyme.lk\\Buy-me\\vendor\\laravel\\framework\\src\\Illuminate\\Routing\\Router.php(737): Illuminate\\Routing\\Router->dispatchToRoute()
#114 F:\\Work\\Sulochana\\Buyme.lk\\Buy-me\\vendor\\laravel\\framework\\src\\Illuminate\\Foundation\\Http\\Kernel.php(200): Illuminate\\Routing\\Router->dispatch()
#115 F:\\Work\\Sulochana\\Buyme.lk\\Buy-me\\vendor\\laravel\\framework\\src\\Illuminate\\Pipeline\\Pipeline.php(144): Illuminate\\Foundation\\Http\\Kernel->Illuminate\\Foundation\\Http\\{closure}()
#116 F:\\Work\\Sulochana\\Buyme.lk\\Buy-me\\vendor\\barryvdh\\laravel-debugbar\\src\\Middleware\\InjectDebugbar.php(59): Illuminate\\Pipeline\\Pipeline->Illuminate\\Pipeline\\{closure}()
#117 F:\\Work\\Sulochana\\Buyme.lk\\Buy-me\\vendor\\laravel\\framework\\src\\Illuminate\\Pipeline\\Pipeline.php(183): Barryvdh\\Debugbar\\Middleware\\InjectDebugbar->handle()
#118 F:\\Work\\Sulochana\\Buyme.lk\\Buy-me\\packages\\larapen\\honeypot\\src\\app\\Http\\Middleware\\ProtectAgainstSpam.php(15): Illuminate\\Pipeline\\Pipeline->Illuminate\\Pipeline\\{closure}()
#119 F:\\Work\\Sulochana\\Buyme.lk\\Buy-me\\vendor\\laravel\\framework\\src\\Illuminate\\Pipeline\\Pipeline.php(183): Larapen\\Honeypot\\app\\Http\\Middleware\\ProtectAgainstSpam->handle()
#120 F:\\Work\\Sulochana\\Buyme.lk\\Buy-me\\vendor\\laravel\\framework\\src\\Illuminate\\Foundation\\Http\\Middleware\\TransformsRequest.php(21): Illuminate\\Pipeline\\Pipeline->Illuminate\\Pipeline\\{closure}()
#121 F:\\Work\\Sulochana\\Buyme.lk\\Buy-me\\vendor\\laravel\\framework\\src\\Illuminate\\Foundation\\Http\\Middleware\\ConvertEmptyStringsToNull.php(31): Illuminate\\Foundation\\Http\\Middleware\\TransformsRequest->handle()
#122 F:\\Work\\Sulochana\\Buyme.lk\\Buy-me\\vendor\\laravel\\framework\\src\\Illuminate\\Pipeline\\Pipeline.php(183): Illuminate\\Foundation\\Http\\Middleware\\ConvertEmptyStringsToNull->handle()
#123 F:\\Work\\Sulochana\\Buyme.lk\\Buy-me\\vendor\\laravel\\framework\\src\\Illuminate\\Foundation\\Http\\Middleware\\TransformsRequest.php(21): Illuminate\\Pipeline\\Pipeline->Illuminate\\Pipeline\\{closure}()
#124 F:\\Work\\Sulochana\\Buyme.lk\\Buy-me\\vendor\\laravel\\framework\\src\\Illuminate\\Foundation\\Http\\Middleware\\TrimStrings.php(40): Illuminate\\Foundation\\Http\\Middleware\\TransformsRequest->handle()
#125 F:\\Work\\Sulochana\\Buyme.lk\\Buy-me\\vendor\\laravel\\framework\\src\\Illuminate\\Pipeline\\Pipeline.php(183): Illuminate\\Foundation\\Http\\Middleware\\TrimStrings->handle()
#126 F:\\Work\\Sulochana\\Buyme.lk\\Buy-me\\vendor\\laravel\\framework\\src\\Illuminate\\Foundation\\Http\\Middleware\\ValidatePostSize.php(27): Illuminate\\Pipeline\\Pipeline->Illuminate\\Pipeline\\{closure}()
#127 F:\\Work\\Sulochana\\Buyme.lk\\Buy-me\\vendor\\laravel\\framework\\src\\Illuminate\\Pipeline\\Pipeline.php(183): Illuminate\\Foundation\\Http\\Middleware\\ValidatePostSize->handle()
#128 F:\\Work\\Sulochana\\Buyme.lk\\Buy-me\\app\\Http\\Middleware\\PreventRequestsDuringMaintenance.php(116): Illuminate\\Pipeline\\Pipeline->Illuminate\\Pipeline\\{closure}()
#129 F:\\Work\\Sulochana\\Buyme.lk\\Buy-me\\vendor\\laravel\\framework\\src\\Illuminate\\Pipeline\\Pipeline.php(183): App\\Http\\Middleware\\PreventRequestsDuringMaintenance->handle()
#130 F:\\Work\\Sulochana\\Buyme.lk\\Buy-me\\vendor\\laravel\\framework\\src\\Illuminate\\Http\\Middleware\\HandleCors.php(49): Illuminate\\Pipeline\\Pipeline->Illuminate\\Pipeline\\{closure}()
#131 F:\\Work\\Sulochana\\Buyme.lk\\Buy-me\\vendor\\laravel\\framework\\src\\Illuminate\\Pipeline\\Pipeline.php(183): Illuminate\\Http\\Middleware\\HandleCors->handle()
#132 F:\\Work\\Sulochana\\Buyme.lk\\Buy-me\\vendor\\laravel\\framework\\src\\Illuminate\\Http\\Middleware\\TrustProxies.php(39): Illuminate\\Pipeline\\Pipeline->Illuminate\\Pipeline\\{closure}()
#133 F:\\Work\\Sulochana\\Buyme.lk\\Buy-me\\vendor\\laravel\\framework\\src\\Illuminate\\Pipeline\\Pipeline.php(183): Illuminate\\Http\\Middleware\\TrustProxies->handle()
#134 F:\\Work\\Sulochana\\Buyme.lk\\Buy-me\\vendor\\laravel\\framework\\src\\Illuminate\\Pipeline\\Pipeline.php(119): Illuminate\\Pipeline\\Pipeline->Illuminate\\Pipeline\\{closure}()
#135 F:\\Work\\Sulochana\\Buyme.lk\\Buy-me\\vendor\\laravel\\framework\\src\\Illuminate\\Foundation\\Http\\Kernel.php(175): Illuminate\\Pipeline\\Pipeline->then()
#136 F:\\Work\\Sulochana\\Buyme.lk\\Buy-me\\vendor\\laravel\\framework\\src\\Illuminate\\Foundation\\Http\\Kernel.php(144): Illuminate\\Foundation\\Http\\Kernel->sendRequestThroughRouter()
#137 F:\\Work\\Sulochana\\Buyme.lk\\Buy-me\\public\\main.php(51): Illuminate\\Foundation\\Http\\Kernel->handle()
#138 F:\\Work\\Sulochana\\Buyme.lk\\Buy-me\\public\\index.php(68): require('...')
#139 F:\\Work\\Sulochana\\Buyme.lk\\Buy-me\\vendor\\laravel\\framework\\src\\Illuminate\\Foundation\\resources\\server.php(16): require_once('...')
#140 {main}
"} 
