[2025-03-17 15:06:35] local.ERROR: Trying to access array offset on value of type null {"exception":"[object] (ErrorException(code: 0): Trying to access array offset on value of type null at C:\\Users\\sjeew\\OneDrive\\Desktop\\Buy me\\app\\Http\\Controllers\\Web\\Public\\Post\\ShowController.php:131)
[stacktrace]
#0 C:\\Users\\sjeew\\OneDrive\\Desktop\\Buy me\\vendor\\laravel\\framework\\src\\Illuminate\\Foundation\\Bootstrap\\HandleExceptions.php(254): Illuminate\\Foundation\\Bootstrap\\HandleExceptions->handleError(2, 'Trying to acces...', 'C:\\\\Users\\\\sjeew\\\\...', 131)
#1 C:\\Users\\sjeew\\OneDrive\\Desktop\\Buy me\\app\\Http\\Controllers\\Web\\Public\\Post\\ShowController.php(131): Illuminate\\Foundation\\Bootstrap\\HandleExceptions->Illuminate\\Foundation\\Bootstrap\\{closure}(2, 'Trying to acces...', 'C:\\\\Users\\\\sjeew\\\\...', 131)
#2 C:\\Users\\sjeew\\OneDrive\\Desktop\\Buy me\\vendor\\laravel\\framework\\src\\Illuminate\\Routing\\Controller.php(54): App\\Http\\Controllers\\Web\\Public\\Post\\ShowController->index('22326', '22326')
#3 C:\\Users\\sjeew\\OneDrive\\Desktop\\Buy me\\vendor\\laravel\\framework\\src\\Illuminate\\Routing\\ControllerDispatcher.php(43): Illuminate\\Routing\\Controller->callAction('index', Array)
#4 C:\\Users\\sjeew\\OneDrive\\Desktop\\Buy me\\vendor\\laravel\\framework\\src\\Illuminate\\Routing\\Route.php(259): Illuminate\\Routing\\ControllerDispatcher->dispatch(Object(Illuminate\\Routing\\Route), Object(App\\Http\\Controllers\\Web\\Public\\Post\\ShowController), 'index')
#5 C:\\Users\\sjeew\\OneDrive\\Desktop\\Buy me\\vendor\\laravel\\framework\\src\\Illuminate\\Routing\\Route.php(205): Illuminate\\Routing\\Route->runController()
#6 C:\\Users\\sjeew\\OneDrive\\Desktop\\Buy me\\vendor\\laravel\\framework\\src\\Illuminate\\Routing\\Router.php(799): Illuminate\\Routing\\Route->run()
#7 C:\\Users\\sjeew\\OneDrive\\Desktop\\Buy me\\vendor\\laravel\\framework\\src\\Illuminate\\Pipeline\\Pipeline.php(141): Illuminate\\Routing\\Router->Illuminate\\Routing\\{closure}(Object(Illuminate\\Http\\Request))
#8 C:\\Users\\sjeew\\OneDrive\\Desktop\\Buy me\\app\\Http\\Controllers\\Web\\Public\\Post\\ShowController.php(38): Illuminate\\Pipeline\\Pipeline->Illuminate\\Pipeline\\{closure}(Object(Illuminate\\Http\\Request))
#9 C:\\Users\\sjeew\\OneDrive\\Desktop\\Buy me\\vendor\\laravel\\framework\\src\\Illuminate\\Pipeline\\Pipeline.php(162): App\\Http\\Controllers\\Web\\Public\\Post\\ShowController->App\\Http\\Controllers\\Web\\Public\\Post\\{closure}(Object(Illuminate\\Http\\Request), Object(Closure))
#10 C:\\Users\\sjeew\\OneDrive\\Desktop\\Buy me\\app\\Http\\Controllers\\Web\\Public\\FrontController.php(66): Illuminate\\Pipeline\\Pipeline->Illuminate\\Pipeline\\{closure}(Object(Illuminate\\Http\\Request))
#11 C:\\Users\\sjeew\\OneDrive\\Desktop\\Buy me\\vendor\\laravel\\framework\\src\\Illuminate\\Pipeline\\Pipeline.php(162): App\\Http\\Controllers\\Web\\Public\\FrontController->App\\Http\\Controllers\\Web\\Public\\{closure}(Object(Illuminate\\Http\\Request), Object(Closure))
#12 C:\\Users\\sjeew\\OneDrive\\Desktop\\Buy me\\app\\Http\\Middleware\\Installed.php(134): Illuminate\\Pipeline\\Pipeline->Illuminate\\Pipeline\\{closure}(Object(Illuminate\\Http\\Request))
#13 C:\\Users\\sjeew\\OneDrive\\Desktop\\Buy me\\app\\Http\\Middleware\\Installed.php(45): App\\Http\\Middleware\\Installed->handleWeb(Object(Illuminate\\Http\\Request), Object(Closure), NULL)
#14 C:\\Users\\sjeew\\OneDrive\\Desktop\\Buy me\\vendor\\laravel\\framework\\src\\Illuminate\\Pipeline\\Pipeline.php(180): App\\Http\\Middleware\\Installed->handle(Object(Illuminate\\Http\\Request), Object(Closure))
#15 C:\\Users\\sjeew\\OneDrive\\Desktop\\Buy me\\app\\Http\\Middleware\\HtmlMinify.php(36): Illuminate\\Pipeline\\Pipeline->Illuminate\\Pipeline\\{closure}(Object(Illuminate\\Http\\Request))
#16 C:\\Users\\sjeew\\OneDrive\\Desktop\\Buy me\\vendor\\laravel\\framework\\src\\Illuminate\\Pipeline\\Pipeline.php(180): App\\Http\\Middleware\\HtmlMinify->handle(Object(Illuminate\\Http\\Request), Object(Closure))
#17 C:\\Users\\sjeew\\OneDrive\\Desktop\\Buy me\\app\\Http\\Middleware\\ResourceHints.php(36): Illuminate\\Pipeline\\Pipeline->Illuminate\\Pipeline\\{closure}(Object(Illuminate\\Http\\Request))
#18 C:\\Users\\sjeew\\OneDrive\\Desktop\\Buy me\\vendor\\laravel\\framework\\src\\Illuminate\\Pipeline\\Pipeline.php(180): App\\Http\\Middleware\\ResourceHints->handle(Object(Illuminate\\Http\\Request), Object(Closure))
#19 C:\\Users\\sjeew\\OneDrive\\Desktop\\Buy me\\app\\Http\\Middleware\\LazyLoading.php(37): Illuminate\\Pipeline\\Pipeline->Illuminate\\Pipeline\\{closure}(Object(Illuminate\\Http\\Request))
#20 C:\\Users\\sjeew\\OneDrive\\Desktop\\Buy me\\vendor\\laravel\\framework\\src\\Illuminate\\Pipeline\\Pipeline.php(180): App\\Http\\Middleware\\LazyLoading->handle(Object(Illuminate\\Http\\Request), Object(Closure))
#21 C:\\Users\\sjeew\\OneDrive\\Desktop\\Buy me\\app\\Http\\Middleware\\HttpsProtocol.php(42): Illuminate\\Pipeline\\Pipeline->Illuminate\\Pipeline\\{closure}(Object(Illuminate\\Http\\Request))
#22 C:\\Users\\sjeew\\OneDrive\\Desktop\\Buy me\\vendor\\laravel\\framework\\src\\Illuminate\\Pipeline\\Pipeline.php(180): App\\Http\\Middleware\\HttpsProtocol->handle(Object(Illuminate\\Http\\Request), Object(Closure))
#23 C:\\Users\\sjeew\\OneDrive\\Desktop\\Buy me\\app\\Http\\Middleware\\BannedUser.php(48): Illuminate\\Pipeline\\Pipeline->Illuminate\\Pipeline\\{closure}(Object(Illuminate\\Http\\Request))
#24 C:\\Users\\sjeew\\OneDrive\\Desktop\\Buy me\\vendor\\laravel\\framework\\src\\Illuminate\\Pipeline\\Pipeline.php(180): App\\Http\\Middleware\\BannedUser->handle(Object(Illuminate\\Http\\Request), Object(Closure))
#25 C:\\Users\\sjeew\\OneDrive\\Desktop\\Buy me\\app\\Http\\Middleware\\IsVerifiedUser.php(41): Illuminate\\Pipeline\\Pipeline->Illuminate\\Pipeline\\{closure}(Object(Illuminate\\Http\\Request))
#26 C:\\Users\\sjeew\\OneDrive\\Desktop\\Buy me\\vendor\\laravel\\framework\\src\\Illuminate\\Pipeline\\Pipeline.php(180): App\\Http\\Middleware\\IsVerifiedUser->handle(Object(Illuminate\\Http\\Request), Object(Closure))
#27 C:\\Users\\sjeew\\OneDrive\\Desktop\\Buy me\\app\\Http\\Middleware\\TipsMessages.php(98): Illuminate\\Pipeline\\Pipeline->Illuminate\\Pipeline\\{closure}(Object(Illuminate\\Http\\Request))
#28 C:\\Users\\sjeew\\OneDrive\\Desktop\\Buy me\\vendor\\laravel\\framework\\src\\Illuminate\\Pipeline\\Pipeline.php(180): App\\Http\\Middleware\\TipsMessages->handle(Object(Illuminate\\Http\\Request), Object(Closure))
#29 C:\\Users\\sjeew\\OneDrive\\Desktop\\Buy me\\app\\Http\\Middleware\\SetDefaultLocale.php(94): Illuminate\\Pipeline\\Pipeline->Illuminate\\Pipeline\\{closure}(Object(Illuminate\\Http\\Request))
#30 C:\\Users\\sjeew\\OneDrive\\Desktop\\Buy me\\vendor\\laravel\\framework\\src\\Illuminate\\Pipeline\\Pipeline.php(180): App\\Http\\Middleware\\SetDefaultLocale->handle(Object(Illuminate\\Http\\Request), Object(Closure))
#31 C:\\Users\\sjeew\\OneDrive\\Desktop\\Buy me\\app\\Http\\Middleware\\SetCountryLocale.php(74): Illuminate\\Pipeline\\Pipeline->Illuminate\\Pipeline\\{closure}(Object(Illuminate\\Http\\Request))
#32 C:\\Users\\sjeew\\OneDrive\\Desktop\\Buy me\\vendor\\laravel\\framework\\src\\Illuminate\\Pipeline\\Pipeline.php(180): App\\Http\\Middleware\\SetCountryLocale->handle(Object(Illuminate\\Http\\Request), Object(Closure))
#33 C:\\Users\\sjeew\\OneDrive\\Desktop\\Buy me\\app\\Http\\Middleware\\SetBrowserLocale.php(153): Illuminate\\Pipeline\\Pipeline->Illuminate\\Pipeline\\{closure}(Object(Illuminate\\Http\\Request))
#34 C:\\Users\\sjeew\\OneDrive\\Desktop\\Buy me\\vendor\\laravel\\framework\\src\\Illuminate\\Pipeline\\Pipeline.php(180): App\\Http\\Middleware\\SetBrowserLocale->handle(Object(Illuminate\\Http\\Request), Object(Closure))
#35 C:\\Users\\sjeew\\OneDrive\\Desktop\\Buy me\\app\\Http\\Middleware\\GetLocalization.php(56): Illuminate\\Pipeline\\Pipeline->Illuminate\\Pipeline\\{closure}(Object(Illuminate\\Http\\Request))
#36 C:\\Users\\sjeew\\OneDrive\\Desktop\\Buy me\\vendor\\laravel\\framework\\src\\Illuminate\\Pipeline\\Pipeline.php(180): App\\Http\\Middleware\\GetLocalization->handle(Object(Illuminate\\Http\\Request), Object(Closure))
#37 C:\\Users\\sjeew\\OneDrive\\Desktop\\Buy me\\app\\Http\\Middleware\\InputRequest.php(42): Illuminate\\Pipeline\\Pipeline->Illuminate\\Pipeline\\{closure}(Object(Illuminate\\Http\\Request))
#38 C:\\Users\\sjeew\\OneDrive\\Desktop\\Buy me\\vendor\\laravel\\framework\\src\\Illuminate\\Pipeline\\Pipeline.php(180): App\\Http\\Middleware\\InputRequest->handle(Object(Illuminate\\Http\\Request), Object(Closure))
#39 C:\\Users\\sjeew\\OneDrive\\Desktop\\Buy me\\app\\Http\\Middleware\\DemoRestriction.php(34): Illuminate\\Pipeline\\Pipeline->Illuminate\\Pipeline\\{closure}(Object(Illuminate\\Http\\Request))
#40 C:\\Users\\sjeew\\OneDrive\\Desktop\\Buy me\\vendor\\laravel\\framework\\src\\Illuminate\\Pipeline\\Pipeline.php(180): App\\Http\\Middleware\\DemoRestriction->handle(Object(Illuminate\\Http\\Request), Object(Closure))
#41 C:\\Users\\sjeew\\OneDrive\\Desktop\\Buy me\\app\\Http\\Middleware\\ReferrerChecker.php(37): Illuminate\\Pipeline\\Pipeline->Illuminate\\Pipeline\\{closure}(Object(Illuminate\\Http\\Request))
#42 C:\\Users\\sjeew\\OneDrive\\Desktop\\Buy me\\vendor\\laravel\\framework\\src\\Illuminate\\Pipeline\\Pipeline.php(180): App\\Http\\Middleware\\ReferrerChecker->handle(Object(Illuminate\\Http\\Request), Object(Closure))
#43 C:\\Users\\sjeew\\OneDrive\\Desktop\\Buy me\\app\\Http\\Middleware\\RequirementsChecker.php(47): Illuminate\\Pipeline\\Pipeline->Illuminate\\Pipeline\\{closure}(Object(Illuminate\\Http\\Request))
#44 C:\\Users\\sjeew\\OneDrive\\Desktop\\Buy me\\vendor\\laravel\\framework\\src\\Illuminate\\Pipeline\\Pipeline.php(180): App\\Http\\Middleware\\RequirementsChecker->handle(Object(Illuminate\\Http\\Request), Object(Closure))
#45 C:\\Users\\sjeew\\OneDrive\\Desktop\\Buy me\\vendor\\laravel\\framework\\src\\Illuminate\\Routing\\Middleware\\SubstituteBindings.php(50): Illuminate\\Pipeline\\Pipeline->Illuminate\\Pipeline\\{closure}(Object(Illuminate\\Http\\Request))
#46 C:\\Users\\sjeew\\OneDrive\\Desktop\\Buy me\\vendor\\laravel\\framework\\src\\Illuminate\\Pipeline\\Pipeline.php(180): Illuminate\\Routing\\Middleware\\SubstituteBindings->handle(Object(Illuminate\\Http\\Request), Object(Closure))
#47 C:\\Users\\sjeew\\OneDrive\\Desktop\\Buy me\\vendor\\laravel\\framework\\src\\Illuminate\\Foundation\\Http\\Middleware\\VerifyCsrfToken.php(78): Illuminate\\Pipeline\\Pipeline->Illuminate\\Pipeline\\{closure}(Object(Illuminate\\Http\\Request))
#48 C:\\Users\\sjeew\\OneDrive\\Desktop\\Buy me\\app\\Http\\Middleware\\VerifyCsrfToken.php(62): Illuminate\\Foundation\\Http\\Middleware\\VerifyCsrfToken->handle(Object(Illuminate\\Http\\Request), Object(Closure))
#49 C:\\Users\\sjeew\\OneDrive\\Desktop\\Buy me\\vendor\\laravel\\framework\\src\\Illuminate\\Pipeline\\Pipeline.php(180): App\\Http\\Middleware\\VerifyCsrfToken->handle(Object(Illuminate\\Http\\Request), Object(Closure))
#50 C:\\Users\\sjeew\\OneDrive\\Desktop\\Buy me\\vendor\\laravel\\framework\\src\\Illuminate\\View\\Middleware\\ShareErrorsFromSession.php(49): Illuminate\\Pipeline\\Pipeline->Illuminate\\Pipeline\\{closure}(Object(Illuminate\\Http\\Request))
#51 C:\\Users\\sjeew\\OneDrive\\Desktop\\Buy me\\vendor\\laravel\\framework\\src\\Illuminate\\Pipeline\\Pipeline.php(180): Illuminate\\View\\Middleware\\ShareErrorsFromSession->handle(Object(Illuminate\\Http\\Request), Object(Closure))
#52 C:\\Users\\sjeew\\OneDrive\\Desktop\\Buy me\\vendor\\laravel\\framework\\src\\Illuminate\\Session\\Middleware\\StartSession.php(121): Illuminate\\Pipeline\\Pipeline->Illuminate\\Pipeline\\{closure}(Object(Illuminate\\Http\\Request))
#53 C:\\Users\\sjeew\\OneDrive\\Desktop\\Buy me\\vendor\\laravel\\framework\\src\\Illuminate\\Session\\Middleware\\StartSession.php(64): Illuminate\\Session\\Middleware\\StartSession->handleStatefulRequest(Object(Illuminate\\Http\\Request), Object(Illuminate\\Session\\Store), Object(Closure))
#54 C:\\Users\\sjeew\\OneDrive\\Desktop\\Buy me\\app\\Http\\Middleware\\StartSessionExtended.php(35): Illuminate\\Session\\Middleware\\StartSession->handle(Object(Illuminate\\Http\\Request), Object(Closure))
#55 C:\\Users\\sjeew\\OneDrive\\Desktop\\Buy me\\vendor\\laravel\\framework\\src\\Illuminate\\Pipeline\\Pipeline.php(180): App\\Http\\Middleware\\StartSessionExtended->handle(Object(Illuminate\\Http\\Request), Object(Closure))
#56 C:\\Users\\sjeew\\OneDrive\\Desktop\\Buy me\\vendor\\laravel\\framework\\src\\Illuminate\\Cookie\\Middleware\\AddQueuedCookiesToResponse.php(37): Illuminate\\Pipeline\\Pipeline->Illuminate\\Pipeline\\{closure}(Object(Illuminate\\Http\\Request))
#57 C:\\Users\\sjeew\\OneDrive\\Desktop\\Buy me\\vendor\\laravel\\framework\\src\\Illuminate\\Pipeline\\Pipeline.php(180): Illuminate\\Cookie\\Middleware\\AddQueuedCookiesToResponse->handle(Object(Illuminate\\Http\\Request), Object(Closure))
#58 C:\\Users\\sjeew\\OneDrive\\Desktop\\Buy me\\vendor\\laravel\\framework\\src\\Illuminate\\Cookie\\Middleware\\EncryptCookies.php(67): Illuminate\\Pipeline\\Pipeline->Illuminate\\Pipeline\\{closure}(Object(Illuminate\\Http\\Request))
#59 C:\\Users\\sjeew\\OneDrive\\Desktop\\Buy me\\vendor\\laravel\\framework\\src\\Illuminate\\Pipeline\\Pipeline.php(180): Illuminate\\Cookie\\Middleware\\EncryptCookies->handle(Object(Illuminate\\Http\\Request), Object(Closure))
#60 C:\\Users\\sjeew\\OneDrive\\Desktop\\Buy me\\vendor\\laravel\\framework\\src\\Illuminate\\Pipeline\\Pipeline.php(116): Illuminate\\Pipeline\\Pipeline->Illuminate\\Pipeline\\{closure}(Object(Illuminate\\Http\\Request))
#61 C:\\Users\\sjeew\\OneDrive\\Desktop\\Buy me\\vendor\\laravel\\framework\\src\\Illuminate\\Routing\\Router.php(798): Illuminate\\Pipeline\\Pipeline->then(Object(Closure))
#62 C:\\Users\\sjeew\\OneDrive\\Desktop\\Buy me\\vendor\\laravel\\framework\\src\\Illuminate\\Routing\\Router.php(777): Illuminate\\Routing\\Router->runRouteWithinStack(Object(Illuminate\\Routing\\Route), Object(Illuminate\\Http\\Request))
#63 C:\\Users\\sjeew\\OneDrive\\Desktop\\Buy me\\vendor\\laravel\\framework\\src\\Illuminate\\Routing\\Router.php(741): Illuminate\\Routing\\Router->runRoute(Object(Illuminate\\Http\\Request), Object(Illuminate\\Routing\\Route))
#64 C:\\Users\\sjeew\\OneDrive\\Desktop\\Buy me\\vendor\\laravel\\framework\\src\\Illuminate\\Routing\\Router.php(730): Illuminate\\Routing\\Router->dispatchToRoute(Object(Illuminate\\Http\\Request))
#65 C:\\Users\\sjeew\\OneDrive\\Desktop\\Buy me\\vendor\\laravel\\framework\\src\\Illuminate\\Foundation\\Http\\Kernel.php(200): Illuminate\\Routing\\Router->dispatch(Object(Illuminate\\Http\\Request))
#66 C:\\Users\\sjeew\\OneDrive\\Desktop\\Buy me\\vendor\\laravel\\framework\\src\\Illuminate\\Pipeline\\Pipeline.php(141): Illuminate\\Foundation\\Http\\Kernel->Illuminate\\Foundation\\Http\\{closure}(Object(Illuminate\\Http\\Request))
#67 C:\\Users\\sjeew\\OneDrive\\Desktop\\Buy me\\vendor\\barryvdh\\laravel-debugbar\\src\\Middleware\\InjectDebugbar.php(59): Illuminate\\Pipeline\\Pipeline->Illuminate\\Pipeline\\{closure}(Object(Illuminate\\Http\\Request))
#68 C:\\Users\\sjeew\\OneDrive\\Desktop\\Buy me\\vendor\\laravel\\framework\\src\\Illuminate\\Pipeline\\Pipeline.php(180): Barryvdh\\Debugbar\\Middleware\\InjectDebugbar->handle(Object(Illuminate\\Http\\Request), Object(Closure))
#69 C:\\Users\\sjeew\\OneDrive\\Desktop\\Buy me\\packages\\larapen\\honeypot\\src\\app\\Http\\Middleware\\ProtectAgainstSpam.php(15): Illuminate\\Pipeline\\Pipeline->Illuminate\\Pipeline\\{closure}(Object(Illuminate\\Http\\Request))
#70 C:\\Users\\sjeew\\OneDrive\\Desktop\\Buy me\\vendor\\laravel\\framework\\src\\Illuminate\\Pipeline\\Pipeline.php(180): Larapen\\Honeypot\\app\\Http\\Middleware\\ProtectAgainstSpam->handle(Object(Illuminate\\Http\\Request), Object(Closure))
#71 C:\\Users\\sjeew\\OneDrive\\Desktop\\Buy me\\vendor\\laravel\\framework\\src\\Illuminate\\Foundation\\Http\\Middleware\\TransformsRequest.php(21): Illuminate\\Pipeline\\Pipeline->Illuminate\\Pipeline\\{closure}(Object(Illuminate\\Http\\Request))
#72 C:\\Users\\sjeew\\OneDrive\\Desktop\\Buy me\\vendor\\laravel\\framework\\src\\Illuminate\\Foundation\\Http\\Middleware\\ConvertEmptyStringsToNull.php(31): Illuminate\\Foundation\\Http\\Middleware\\TransformsRequest->handle(Object(Illuminate\\Http\\Request), Object(Closure))
#73 C:\\Users\\sjeew\\OneDrive\\Desktop\\Buy me\\vendor\\laravel\\framework\\src\\Illuminate\\Pipeline\\Pipeline.php(180): Illuminate\\Foundation\\Http\\Middleware\\ConvertEmptyStringsToNull->handle(Object(Illuminate\\Http\\Request), Object(Closure))
#74 C:\\Users\\sjeew\\OneDrive\\Desktop\\Buy me\\vendor\\laravel\\framework\\src\\Illuminate\\Foundation\\Http\\Middleware\\TransformsRequest.php(21): Illuminate\\Pipeline\\Pipeline->Illuminate\\Pipeline\\{closure}(Object(Illuminate\\Http\\Request))
#75 C:\\Users\\sjeew\\OneDrive\\Desktop\\Buy me\\vendor\\laravel\\framework\\src\\Illuminate\\Foundation\\Http\\Middleware\\TrimStrings.php(40): Illuminate\\Foundation\\Http\\Middleware\\TransformsRequest->handle(Object(Illuminate\\Http\\Request), Object(Closure))
#76 C:\\Users\\sjeew\\OneDrive\\Desktop\\Buy me\\vendor\\laravel\\framework\\src\\Illuminate\\Pipeline\\Pipeline.php(180): Illuminate\\Foundation\\Http\\Middleware\\TrimStrings->handle(Object(Illuminate\\Http\\Request), Object(Closure))
#77 C:\\Users\\sjeew\\OneDrive\\Desktop\\Buy me\\vendor\\laravel\\framework\\src\\Illuminate\\Foundation\\Http\\Middleware\\ValidatePostSize.php(27): Illuminate\\Pipeline\\Pipeline->Illuminate\\Pipeline\\{closure}(Object(Illuminate\\Http\\Request))
#78 C:\\Users\\sjeew\\OneDrive\\Desktop\\Buy me\\vendor\\laravel\\framework\\src\\Illuminate\\Pipeline\\Pipeline.php(180): Illuminate\\Foundation\\Http\\Middleware\\ValidatePostSize->handle(Object(Illuminate\\Http\\Request), Object(Closure))
#79 C:\\Users\\sjeew\\OneDrive\\Desktop\\Buy me\\app\\Http\\Middleware\\PreventRequestsDuringMaintenance.php(116): Illuminate\\Pipeline\\Pipeline->Illuminate\\Pipeline\\{closure}(Object(Illuminate\\Http\\Request))
#80 C:\\Users\\sjeew\\OneDrive\\Desktop\\Buy me\\vendor\\laravel\\framework\\src\\Illuminate\\Pipeline\\Pipeline.php(180): App\\Http\\Middleware\\PreventRequestsDuringMaintenance->handle(Object(Illuminate\\Http\\Request), Object(Closure))
#81 C:\\Users\\sjeew\\OneDrive\\Desktop\\Buy me\\vendor\\laravel\\framework\\src\\Illuminate\\Http\\Middleware\\HandleCors.php(49): Illuminate\\Pipeline\\Pipeline->Illuminate\\Pipeline\\{closure}(Object(Illuminate\\Http\\Request))
#82 C:\\Users\\sjeew\\OneDrive\\Desktop\\Buy me\\vendor\\laravel\\framework\\src\\Illuminate\\Pipeline\\Pipeline.php(180): Illuminate\\Http\\Middleware\\HandleCors->handle(Object(Illuminate\\Http\\Request), Object(Closure))
#83 C:\\Users\\sjeew\\OneDrive\\Desktop\\Buy me\\vendor\\laravel\\framework\\src\\Illuminate\\Http\\Middleware\\TrustProxies.php(39): Illuminate\\Pipeline\\Pipeline->Illuminate\\Pipeline\\{closure}(Object(Illuminate\\Http\\Request))
#84 C:\\Users\\sjeew\\OneDrive\\Desktop\\Buy me\\vendor\\laravel\\framework\\src\\Illuminate\\Pipeline\\Pipeline.php(180): Illuminate\\Http\\Middleware\\TrustProxies->handle(Object(Illuminate\\Http\\Request), Object(Closure))
#85 C:\\Users\\sjeew\\OneDrive\\Desktop\\Buy me\\vendor\\laravel\\framework\\src\\Illuminate\\Pipeline\\Pipeline.php(116): Illuminate\\Pipeline\\Pipeline->Illuminate\\Pipeline\\{closure}(Object(Illuminate\\Http\\Request))
#86 C:\\Users\\sjeew\\OneDrive\\Desktop\\Buy me\\vendor\\laravel\\framework\\src\\Illuminate\\Foundation\\Http\\Kernel.php(175): Illuminate\\Pipeline\\Pipeline->then(Object(Closure))
#87 C:\\Users\\sjeew\\OneDrive\\Desktop\\Buy me\\vendor\\laravel\\framework\\src\\Illuminate\\Foundation\\Http\\Kernel.php(144): Illuminate\\Foundation\\Http\\Kernel->sendRequestThroughRouter(Object(Illuminate\\Http\\Request))
#88 C:\\Users\\sjeew\\OneDrive\\Desktop\\Buy me\\public\\main.php(51): Illuminate\\Foundation\\Http\\Kernel->handle(Object(Illuminate\\Http\\Request))
#89 C:\\Users\\sjeew\\OneDrive\\Desktop\\Buy me\\public\\index.php(64): require('C:\\\\Users\\\\sjeew\\\\...')
#90 C:\\Users\\sjeew\\OneDrive\\Desktop\\Buy me\\vendor\\laravel\\framework\\src\\Illuminate\\Foundation\\resources\\server.php(16): require_once('C:\\\\Users\\\\sjeew\\\\...')
#91 {main}
"} 
[2025-03-17 15:06:44] local.ERROR: syntax error, unexpected token "}", expecting ";" or "{" {"exception":"[object] (Symfony\\Component\\ErrorHandler\\Error\\FatalError(code: 0): syntax error, unexpected token \"}\", expecting \";\" or \"{\" at C:\\Users\\sjeew\\OneDrive\\Desktop\\Buy me\\app\\Models\\Notifylk.php:10)
[stacktrace]
#0 {main}
"} 
[2025-03-17 15:07:43] local.ERROR: syntax error, unexpected token "}", expecting ";" or "{" {"exception":"[object] (Symfony\\Component\\ErrorHandler\\Error\\FatalError(code: 0): syntax error, unexpected token \"}\", expecting \";\" or \"{\" at C:\\Users\\sjeew\\OneDrive\\Desktop\\Buy me\\app\\Models\\Notifylk.php:10)
[stacktrace]
#0 {main}
"} 
[2025-03-17 15:08:43] local.ERROR: syntax error, unexpected token "}", expecting ";" or "{" {"exception":"[object] (Symfony\\Component\\ErrorHandler\\Error\\FatalError(code: 0): syntax error, unexpected token \"}\", expecting \";\" or \"{\" at C:\\Users\\sjeew\\OneDrive\\Desktop\\Buy me\\app\\Models\\Notifylk.php:10)
[stacktrace]
#0 {main}
"} 
[2025-03-17 15:09:43] local.ERROR: syntax error, unexpected token "}", expecting ";" or "{" {"exception":"[object] (Symfony\\Component\\ErrorHandler\\Error\\FatalError(code: 0): syntax error, unexpected token \"}\", expecting \";\" or \"{\" at C:\\Users\\sjeew\\OneDrive\\Desktop\\Buy me\\app\\Models\\Notifylk.php:10)
[stacktrace]
#0 {main}
"} 
[2025-03-17 15:10:43] local.ERROR: syntax error, unexpected token "}", expecting ";" or "{" {"exception":"[object] (Symfony\\Component\\ErrorHandler\\Error\\FatalError(code: 0): syntax error, unexpected token \"}\", expecting \";\" or \"{\" at C:\\Users\\sjeew\\OneDrive\\Desktop\\Buy me\\app\\Models\\Notifylk.php:10)
[stacktrace]
#0 {main}
"} 
[2025-03-17 15:11:43] local.ERROR: syntax error, unexpected token "}", expecting ";" or "{" {"exception":"[object] (Symfony\\Component\\ErrorHandler\\Error\\FatalError(code: 0): syntax error, unexpected token \"}\", expecting \";\" or \"{\" at C:\\Users\\sjeew\\OneDrive\\Desktop\\Buy me\\app\\Models\\Notifylk.php:10)
[stacktrace]
#0 {main}
"} 
[2025-03-17 15:12:43] local.ERROR: syntax error, unexpected token "}", expecting ";" or "{" {"exception":"[object] (Symfony\\Component\\ErrorHandler\\Error\\FatalError(code: 0): syntax error, unexpected token \"}\", expecting \";\" or \"{\" at C:\\Users\\sjeew\\OneDrive\\Desktop\\Buy me\\app\\Models\\Notifylk.php:10)
[stacktrace]
#0 {main}
"} 
[2025-03-17 15:13:43] local.ERROR: syntax error, unexpected token "}", expecting ";" or "{" {"exception":"[object] (Symfony\\Component\\ErrorHandler\\Error\\FatalError(code: 0): syntax error, unexpected token \"}\", expecting \";\" or \"{\" at C:\\Users\\sjeew\\OneDrive\\Desktop\\Buy me\\app\\Models\\Notifylk.php:10)
[stacktrace]
#0 {main}
"} 
[2025-03-17 15:14:43] local.ERROR: syntax error, unexpected token "}", expecting ";" or "{" {"exception":"[object] (Symfony\\Component\\ErrorHandler\\Error\\FatalError(code: 0): syntax error, unexpected token \"}\", expecting \";\" or \"{\" at C:\\Users\\sjeew\\OneDrive\\Desktop\\Buy me\\app\\Models\\Notifylk.php:10)
[stacktrace]
#0 {main}
"} 
[2025-03-17 15:15:43] local.ERROR: syntax error, unexpected token "}", expecting ";" or "{" {"exception":"[object] (Symfony\\Component\\ErrorHandler\\Error\\FatalError(code: 0): syntax error, unexpected token \"}\", expecting \";\" or \"{\" at C:\\Users\\sjeew\\OneDrive\\Desktop\\Buy me\\app\\Models\\Notifylk.php:10)
[stacktrace]
#0 {main}
"} 
[2025-03-17 15:16:43] local.ERROR: syntax error, unexpected token "}", expecting ";" or "{" {"exception":"[object] (Symfony\\Component\\ErrorHandler\\Error\\FatalError(code: 0): syntax error, unexpected token \"}\", expecting \";\" or \"{\" at C:\\Users\\sjeew\\OneDrive\\Desktop\\Buy me\\app\\Models\\Notifylk.php:10)
[stacktrace]
#0 {main}
"} 
[2025-03-17 15:17:43] local.ERROR: syntax error, unexpected token "}", expecting ";" or "{" {"exception":"[object] (Symfony\\Component\\ErrorHandler\\Error\\FatalError(code: 0): syntax error, unexpected token \"}\", expecting \";\" or \"{\" at C:\\Users\\sjeew\\OneDrive\\Desktop\\Buy me\\app\\Models\\Notifylk.php:10)
[stacktrace]
#0 {main}
"} 
[2025-03-17 15:18:43] local.ERROR: syntax error, unexpected token "}", expecting ";" or "{" {"exception":"[object] (Symfony\\Component\\ErrorHandler\\Error\\FatalError(code: 0): syntax error, unexpected token \"}\", expecting \";\" or \"{\" at C:\\Users\\sjeew\\OneDrive\\Desktop\\Buy me\\app\\Models\\Notifylk.php:10)
[stacktrace]
#0 {main}
"} 
[2025-03-17 15:19:43] local.ERROR: syntax error, unexpected token "}", expecting ";" or "{" {"exception":"[object] (Symfony\\Component\\ErrorHandler\\Error\\FatalError(code: 0): syntax error, unexpected token \"}\", expecting \";\" or \"{\" at C:\\Users\\sjeew\\OneDrive\\Desktop\\Buy me\\app\\Models\\Notifylk.php:10)
[stacktrace]
#0 {main}
"} 
[2025-03-17 15:20:43] local.ERROR: syntax error, unexpected token "}", expecting ";" or "{" {"exception":"[object] (Symfony\\Component\\ErrorHandler\\Error\\FatalError(code: 0): syntax error, unexpected token \"}\", expecting \";\" or \"{\" at C:\\Users\\sjeew\\OneDrive\\Desktop\\Buy me\\app\\Models\\Notifylk.php:10)
[stacktrace]
#0 {main}
"} 
[2025-03-17 15:21:43] local.ERROR: syntax error, unexpected token "}", expecting ";" or "{" {"exception":"[object] (Symfony\\Component\\ErrorHandler\\Error\\FatalError(code: 0): syntax error, unexpected token \"}\", expecting \";\" or \"{\" at C:\\Users\\sjeew\\OneDrive\\Desktop\\Buy me\\app\\Models\\Notifylk.php:10)
[stacktrace]
#0 {main}
"} 
[2025-03-17 15:22:43] local.ERROR: syntax error, unexpected token "}", expecting ";" or "{" {"exception":"[object] (Symfony\\Component\\ErrorHandler\\Error\\FatalError(code: 0): syntax error, unexpected token \"}\", expecting \";\" or \"{\" at C:\\Users\\sjeew\\OneDrive\\Desktop\\Buy me\\app\\Models\\Notifylk.php:10)
[stacktrace]
#0 {main}
"} 
[2025-03-17 15:23:43] local.ERROR: syntax error, unexpected token "}", expecting ";" or "{" {"exception":"[object] (Symfony\\Component\\ErrorHandler\\Error\\FatalError(code: 0): syntax error, unexpected token \"}\", expecting \";\" or \"{\" at C:\\Users\\sjeew\\OneDrive\\Desktop\\Buy me\\app\\Models\\Notifylk.php:10)
[stacktrace]
#0 {main}
"} 
[2025-03-17 15:24:43] local.ERROR: syntax error, unexpected token "}", expecting ";" or "{" {"exception":"[object] (Symfony\\Component\\ErrorHandler\\Error\\FatalError(code: 0): syntax error, unexpected token \"}\", expecting \";\" or \"{\" at C:\\Users\\sjeew\\OneDrive\\Desktop\\Buy me\\app\\Models\\Notifylk.php:10)
[stacktrace]
#0 {main}
"} 
[2025-03-17 15:25:43] local.ERROR: syntax error, unexpected token "}", expecting ";" or "{" {"exception":"[object] (Symfony\\Component\\ErrorHandler\\Error\\FatalError(code: 0): syntax error, unexpected token \"}\", expecting \";\" or \"{\" at C:\\Users\\sjeew\\OneDrive\\Desktop\\Buy me\\app\\Models\\Notifylk.php:10)
[stacktrace]
#0 {main}
"} 
[2025-03-17 15:26:43] local.ERROR: syntax error, unexpected token "}", expecting ";" or "{" {"exception":"[object] (Symfony\\Component\\ErrorHandler\\Error\\FatalError(code: 0): syntax error, unexpected token \"}\", expecting \";\" or \"{\" at C:\\Users\\sjeew\\OneDrive\\Desktop\\Buy me\\app\\Models\\Notifylk.php:10)
[stacktrace]
#0 {main}
"} 
[2025-03-17 15:27:43] local.ERROR: syntax error, unexpected token "}", expecting ";" or "{" {"exception":"[object] (Symfony\\Component\\ErrorHandler\\Error\\FatalError(code: 0): syntax error, unexpected token \"}\", expecting \";\" or \"{\" at C:\\Users\\sjeew\\OneDrive\\Desktop\\Buy me\\app\\Models\\Notifylk.php:10)
[stacktrace]
#0 {main}
"} 
[2025-03-17 15:28:43] local.ERROR: syntax error, unexpected token "}", expecting ";" or "{" {"exception":"[object] (Symfony\\Component\\ErrorHandler\\Error\\FatalError(code: 0): syntax error, unexpected token \"}\", expecting \";\" or \"{\" at C:\\Users\\sjeew\\OneDrive\\Desktop\\Buy me\\app\\Models\\Notifylk.php:10)
[stacktrace]
#0 {main}
"} 
[2025-03-17 15:29:44] local.ERROR: syntax error, unexpected token "}", expecting ";" or "{" {"exception":"[object] (Symfony\\Component\\ErrorHandler\\Error\\FatalError(code: 0): syntax error, unexpected token \"}\", expecting \";\" or \"{\" at C:\\Users\\sjeew\\OneDrive\\Desktop\\Buy me\\app\\Models\\Notifylk.php:10)
[stacktrace]
#0 {main}
"} 
[2025-03-17 15:30:43] local.ERROR: syntax error, unexpected token "}", expecting ";" or "{" {"exception":"[object] (Symfony\\Component\\ErrorHandler\\Error\\FatalError(code: 0): syntax error, unexpected token \"}\", expecting \";\" or \"{\" at C:\\Users\\sjeew\\OneDrive\\Desktop\\Buy me\\app\\Models\\Notifylk.php:10)
[stacktrace]
#0 {main}
"} 
[2025-03-17 15:31:44] local.ERROR: syntax error, unexpected token "}", expecting ";" or "{" {"exception":"[object] (Symfony\\Component\\ErrorHandler\\Error\\FatalError(code: 0): syntax error, unexpected token \"}\", expecting \";\" or \"{\" at C:\\Users\\sjeew\\OneDrive\\Desktop\\Buy me\\app\\Models\\Notifylk.php:10)
[stacktrace]
#0 {main}
"} 
[2025-03-17 15:32:43] local.ERROR: syntax error, unexpected token "}", expecting ";" or "{" {"exception":"[object] (Symfony\\Component\\ErrorHandler\\Error\\FatalError(code: 0): syntax error, unexpected token \"}\", expecting \";\" or \"{\" at C:\\Users\\sjeew\\OneDrive\\Desktop\\Buy me\\app\\Models\\Notifylk.php:10)
[stacktrace]
#0 {main}
"} 
[2025-03-17 15:33:44] local.ERROR: syntax error, unexpected token "}", expecting ";" or "{" {"exception":"[object] (Symfony\\Component\\ErrorHandler\\Error\\FatalError(code: 0): syntax error, unexpected token \"}\", expecting \";\" or \"{\" at C:\\Users\\sjeew\\OneDrive\\Desktop\\Buy me\\app\\Models\\Notifylk.php:10)
[stacktrace]
#0 {main}
"} 
[2025-03-17 15:34:44] local.ERROR: syntax error, unexpected token "}", expecting ";" or "{" {"exception":"[object] (Symfony\\Component\\ErrorHandler\\Error\\FatalError(code: 0): syntax error, unexpected token \"}\", expecting \";\" or \"{\" at C:\\Users\\sjeew\\OneDrive\\Desktop\\Buy me\\app\\Models\\Notifylk.php:10)
[stacktrace]
#0 {main}
"} 
[2025-03-17 15:35:44] local.ERROR: syntax error, unexpected token "}", expecting ";" or "{" {"exception":"[object] (Symfony\\Component\\ErrorHandler\\Error\\FatalError(code: 0): syntax error, unexpected token \"}\", expecting \";\" or \"{\" at C:\\Users\\sjeew\\OneDrive\\Desktop\\Buy me\\app\\Models\\Notifylk.php:10)
[stacktrace]
#0 {main}
"} 
[2025-03-17 15:36:44] local.ERROR: syntax error, unexpected token "}", expecting ";" or "{" {"exception":"[object] (Symfony\\Component\\ErrorHandler\\Error\\FatalError(code: 0): syntax error, unexpected token \"}\", expecting \";\" or \"{\" at C:\\Users\\sjeew\\OneDrive\\Desktop\\Buy me\\app\\Models\\Notifylk.php:10)
[stacktrace]
#0 {main}
"} 
[2025-03-17 15:37:44] local.ERROR: syntax error, unexpected token "}", expecting ";" or "{" {"exception":"[object] (Symfony\\Component\\ErrorHandler\\Error\\FatalError(code: 0): syntax error, unexpected token \"}\", expecting \";\" or \"{\" at C:\\Users\\sjeew\\OneDrive\\Desktop\\Buy me\\app\\Models\\Notifylk.php:10)
[stacktrace]
#0 {main}
"} 
[2025-03-17 15:38:44] local.ERROR: syntax error, unexpected token "}", expecting ";" or "{" {"exception":"[object] (Symfony\\Component\\ErrorHandler\\Error\\FatalError(code: 0): syntax error, unexpected token \"}\", expecting \";\" or \"{\" at C:\\Users\\sjeew\\OneDrive\\Desktop\\Buy me\\app\\Models\\Notifylk.php:10)
[stacktrace]
#0 {main}
"} 
[2025-03-17 15:39:43] local.ERROR: syntax error, unexpected token "}", expecting ";" or "{" {"exception":"[object] (Symfony\\Component\\ErrorHandler\\Error\\FatalError(code: 0): syntax error, unexpected token \"}\", expecting \";\" or \"{\" at C:\\Users\\sjeew\\OneDrive\\Desktop\\Buy me\\app\\Models\\Notifylk.php:10)
[stacktrace]
#0 {main}
"} 
[2025-03-17 15:40:43] local.ERROR: syntax error, unexpected token "}", expecting ";" or "{" {"exception":"[object] (Symfony\\Component\\ErrorHandler\\Error\\FatalError(code: 0): syntax error, unexpected token \"}\", expecting \";\" or \"{\" at C:\\Users\\sjeew\\OneDrive\\Desktop\\Buy me\\app\\Models\\Notifylk.php:10)
[stacktrace]
#0 {main}
"} 
[2025-03-17 15:41:43] local.ERROR: syntax error, unexpected token "}", expecting ";" or "{" {"exception":"[object] (Symfony\\Component\\ErrorHandler\\Error\\FatalError(code: 0): syntax error, unexpected token \"}\", expecting \";\" or \"{\" at C:\\Users\\sjeew\\OneDrive\\Desktop\\Buy me\\app\\Models\\Notifylk.php:10)
[stacktrace]
#0 {main}
"} 
[2025-03-17 15:42:43] local.ERROR: syntax error, unexpected token "}", expecting ";" or "{" {"exception":"[object] (Symfony\\Component\\ErrorHandler\\Error\\FatalError(code: 0): syntax error, unexpected token \"}\", expecting \";\" or \"{\" at C:\\Users\\sjeew\\OneDrive\\Desktop\\Buy me\\app\\Models\\Notifylk.php:10)
[stacktrace]
#0 {main}
"} 
[2025-03-17 15:43:43] local.ERROR: syntax error, unexpected token "}", expecting ";" or "{" {"exception":"[object] (Symfony\\Component\\ErrorHandler\\Error\\FatalError(code: 0): syntax error, unexpected token \"}\", expecting \";\" or \"{\" at C:\\Users\\sjeew\\OneDrive\\Desktop\\Buy me\\app\\Models\\Notifylk.php:10)
[stacktrace]
#0 {main}
"} 
[2025-03-17 15:44:44] local.ERROR: syntax error, unexpected token "}", expecting ";" or "{" {"exception":"[object] (Symfony\\Component\\ErrorHandler\\Error\\FatalError(code: 0): syntax error, unexpected token \"}\", expecting \";\" or \"{\" at C:\\Users\\sjeew\\OneDrive\\Desktop\\Buy me\\app\\Models\\Notifylk.php:10)
[stacktrace]
#0 {main}
"} 
[2025-03-17 15:45:43] local.ERROR: syntax error, unexpected token "}", expecting ";" or "{" {"exception":"[object] (Symfony\\Component\\ErrorHandler\\Error\\FatalError(code: 0): syntax error, unexpected token \"}\", expecting \";\" or \"{\" at C:\\Users\\sjeew\\OneDrive\\Desktop\\Buy me\\app\\Models\\Notifylk.php:10)
[stacktrace]
#0 {main}
"} 
[2025-03-17 15:46:43] local.ERROR: syntax error, unexpected token "}", expecting ";" or "{" {"exception":"[object] (Symfony\\Component\\ErrorHandler\\Error\\FatalError(code: 0): syntax error, unexpected token \"}\", expecting \";\" or \"{\" at C:\\Users\\sjeew\\OneDrive\\Desktop\\Buy me\\app\\Models\\Notifylk.php:10)
[stacktrace]
#0 {main}
"} 
[2025-03-17 15:47:44] local.ERROR: syntax error, unexpected token "}", expecting ";" or "{" {"exception":"[object] (Symfony\\Component\\ErrorHandler\\Error\\FatalError(code: 0): syntax error, unexpected token \"}\", expecting \";\" or \"{\" at C:\\Users\\sjeew\\OneDrive\\Desktop\\Buy me\\app\\Models\\Notifylk.php:10)
[stacktrace]
#0 {main}
"} 
[2025-03-17 15:48:43] local.ERROR: syntax error, unexpected token "}", expecting ";" or "{" {"exception":"[object] (Symfony\\Component\\ErrorHandler\\Error\\FatalError(code: 0): syntax error, unexpected token \"}\", expecting \";\" or \"{\" at C:\\Users\\sjeew\\OneDrive\\Desktop\\Buy me\\app\\Models\\Notifylk.php:10)
[stacktrace]
#0 {main}
"} 
[2025-03-17 15:49:44] local.ERROR: syntax error, unexpected token "}", expecting ";" or "{" {"exception":"[object] (Symfony\\Component\\ErrorHandler\\Error\\FatalError(code: 0): syntax error, unexpected token \"}\", expecting \";\" or \"{\" at C:\\Users\\sjeew\\OneDrive\\Desktop\\Buy me\\app\\Models\\Notifylk.php:10)
[stacktrace]
#0 {main}
"} 
[2025-03-17 15:50:44] local.ERROR: syntax error, unexpected token "}", expecting ";" or "{" {"exception":"[object] (Symfony\\Component\\ErrorHandler\\Error\\FatalError(code: 0): syntax error, unexpected token \"}\", expecting \";\" or \"{\" at C:\\Users\\sjeew\\OneDrive\\Desktop\\Buy me\\app\\Models\\Notifylk.php:10)
[stacktrace]
#0 {main}
"} 
[2025-03-17 15:51:44] local.ERROR: syntax error, unexpected token "}", expecting ";" or "{" {"exception":"[object] (Symfony\\Component\\ErrorHandler\\Error\\FatalError(code: 0): syntax error, unexpected token \"}\", expecting \";\" or \"{\" at C:\\Users\\sjeew\\OneDrive\\Desktop\\Buy me\\app\\Models\\Notifylk.php:10)
[stacktrace]
#0 {main}
"} 
[2025-03-17 15:52:44] local.ERROR: syntax error, unexpected token "}", expecting ";" or "{" {"exception":"[object] (Symfony\\Component\\ErrorHandler\\Error\\FatalError(code: 0): syntax error, unexpected token \"}\", expecting \";\" or \"{\" at C:\\Users\\sjeew\\OneDrive\\Desktop\\Buy me\\app\\Models\\Notifylk.php:10)
[stacktrace]
#0 {main}
"} 
[2025-03-17 15:53:44] local.ERROR: syntax error, unexpected token "}", expecting ";" or "{" {"exception":"[object] (Symfony\\Component\\ErrorHandler\\Error\\FatalError(code: 0): syntax error, unexpected token \"}\", expecting \";\" or \"{\" at C:\\Users\\sjeew\\OneDrive\\Desktop\\Buy me\\app\\Models\\Notifylk.php:10)
[stacktrace]
#0 {main}
"} 
[2025-03-17 15:54:43] local.ERROR: syntax error, unexpected token "}", expecting ";" or "{" {"exception":"[object] (Symfony\\Component\\ErrorHandler\\Error\\FatalError(code: 0): syntax error, unexpected token \"}\", expecting \";\" or \"{\" at C:\\Users\\sjeew\\OneDrive\\Desktop\\Buy me\\app\\Models\\Notifylk.php:10)
[stacktrace]
#0 {main}
"} 
[2025-03-17 15:55:43] local.ERROR: syntax error, unexpected token "}", expecting ";" or "{" {"exception":"[object] (Symfony\\Component\\ErrorHandler\\Error\\FatalError(code: 0): syntax error, unexpected token \"}\", expecting \";\" or \"{\" at C:\\Users\\sjeew\\OneDrive\\Desktop\\Buy me\\app\\Models\\Notifylk.php:10)
[stacktrace]
#0 {main}
"} 
[2025-03-17 15:56:45] local.ERROR: syntax error, unexpected token "}", expecting ";" or "{" {"exception":"[object] (Symfony\\Component\\ErrorHandler\\Error\\FatalError(code: 0): syntax error, unexpected token \"}\", expecting \";\" or \"{\" at C:\\Users\\sjeew\\OneDrive\\Desktop\\Buy me\\app\\Models\\Notifylk.php:10)
[stacktrace]
#0 {main}
"} 
[2025-03-17 15:57:45] local.ERROR: syntax error, unexpected token "}", expecting ";" or "{" {"exception":"[object] (Symfony\\Component\\ErrorHandler\\Error\\FatalError(code: 0): syntax error, unexpected token \"}\", expecting \";\" or \"{\" at C:\\Users\\sjeew\\OneDrive\\Desktop\\Buy me\\app\\Models\\Notifylk.php:10)
[stacktrace]
#0 {main}
"} 
[2025-03-17 15:58:45] local.ERROR: syntax error, unexpected token "}", expecting ";" or "{" {"exception":"[object] (Symfony\\Component\\ErrorHandler\\Error\\FatalError(code: 0): syntax error, unexpected token \"}\", expecting \";\" or \"{\" at C:\\Users\\sjeew\\OneDrive\\Desktop\\Buy me\\app\\Models\\Notifylk.php:10)
[stacktrace]
#0 {main}
"} 
[2025-03-17 15:59:45] local.ERROR: syntax error, unexpected token "}", expecting ";" or "{" {"exception":"[object] (Symfony\\Component\\ErrorHandler\\Error\\FatalError(code: 0): syntax error, unexpected token \"}\", expecting \";\" or \"{\" at C:\\Users\\sjeew\\OneDrive\\Desktop\\Buy me\\app\\Models\\Notifylk.php:10)
[stacktrace]
#0 {main}
"} 
[2025-03-17 16:00:45] local.ERROR: syntax error, unexpected token "}", expecting ";" or "{" {"exception":"[object] (Symfony\\Component\\ErrorHandler\\Error\\FatalError(code: 0): syntax error, unexpected token \"}\", expecting \";\" or \"{\" at C:\\Users\\sjeew\\OneDrive\\Desktop\\Buy me\\app\\Models\\Notifylk.php:10)
[stacktrace]
#0 {main}
"} 
[2025-03-17 16:01:45] local.ERROR: syntax error, unexpected token "}", expecting ";" or "{" {"exception":"[object] (Symfony\\Component\\ErrorHandler\\Error\\FatalError(code: 0): syntax error, unexpected token \"}\", expecting \";\" or \"{\" at C:\\Users\\sjeew\\OneDrive\\Desktop\\Buy me\\app\\Models\\Notifylk.php:10)
[stacktrace]
#0 {main}
"} 
[2025-03-17 16:02:45] local.ERROR: syntax error, unexpected token "}", expecting ";" or "{" {"exception":"[object] (Symfony\\Component\\ErrorHandler\\Error\\FatalError(code: 0): syntax error, unexpected token \"}\", expecting \";\" or \"{\" at C:\\Users\\sjeew\\OneDrive\\Desktop\\Buy me\\app\\Models\\Notifylk.php:10)
[stacktrace]
#0 {main}
"} 
[2025-03-17 16:03:45] local.ERROR: syntax error, unexpected token "}", expecting ";" or "{" {"exception":"[object] (Symfony\\Component\\ErrorHandler\\Error\\FatalError(code: 0): syntax error, unexpected token \"}\", expecting \";\" or \"{\" at C:\\Users\\sjeew\\OneDrive\\Desktop\\Buy me\\app\\Models\\Notifylk.php:10)
[stacktrace]
#0 {main}
"} 
[2025-03-17 16:04:45] local.ERROR: syntax error, unexpected token "}", expecting ";" or "{" {"exception":"[object] (Symfony\\Component\\ErrorHandler\\Error\\FatalError(code: 0): syntax error, unexpected token \"}\", expecting \";\" or \"{\" at C:\\Users\\sjeew\\OneDrive\\Desktop\\Buy me\\app\\Models\\Notifylk.php:10)
[stacktrace]
#0 {main}
"} 
[2025-03-17 16:05:45] local.ERROR: syntax error, unexpected token "}", expecting ";" or "{" {"exception":"[object] (Symfony\\Component\\ErrorHandler\\Error\\FatalError(code: 0): syntax error, unexpected token \"}\", expecting \";\" or \"{\" at C:\\Users\\sjeew\\OneDrive\\Desktop\\Buy me\\app\\Models\\Notifylk.php:10)
[stacktrace]
#0 {main}
"} 
[2025-03-17 16:06:45] local.ERROR: syntax error, unexpected token "}", expecting ";" or "{" {"exception":"[object] (Symfony\\Component\\ErrorHandler\\Error\\FatalError(code: 0): syntax error, unexpected token \"}\", expecting \";\" or \"{\" at C:\\Users\\sjeew\\OneDrive\\Desktop\\Buy me\\app\\Models\\Notifylk.php:10)
[stacktrace]
#0 {main}
"} 
[2025-03-17 16:07:45] local.ERROR: syntax error, unexpected token "}", expecting ";" or "{" {"exception":"[object] (Symfony\\Component\\ErrorHandler\\Error\\FatalError(code: 0): syntax error, unexpected token \"}\", expecting \";\" or \"{\" at C:\\Users\\sjeew\\OneDrive\\Desktop\\Buy me\\app\\Models\\Notifylk.php:10)
[stacktrace]
#0 {main}
"} 
[2025-03-17 16:08:45] local.ERROR: syntax error, unexpected token "}", expecting ";" or "{" {"exception":"[object] (Symfony\\Component\\ErrorHandler\\Error\\FatalError(code: 0): syntax error, unexpected token \"}\", expecting \";\" or \"{\" at C:\\Users\\sjeew\\OneDrive\\Desktop\\Buy me\\app\\Models\\Notifylk.php:10)
[stacktrace]
#0 {main}
"} 
[2025-03-17 16:09:45] local.ERROR: syntax error, unexpected token "}", expecting ";" or "{" {"exception":"[object] (Symfony\\Component\\ErrorHandler\\Error\\FatalError(code: 0): syntax error, unexpected token \"}\", expecting \";\" or \"{\" at C:\\Users\\sjeew\\OneDrive\\Desktop\\Buy me\\app\\Models\\Notifylk.php:10)
[stacktrace]
#0 {main}
"} 
[2025-03-17 16:10:45] local.ERROR: syntax error, unexpected token "}", expecting ";" or "{" {"exception":"[object] (Symfony\\Component\\ErrorHandler\\Error\\FatalError(code: 0): syntax error, unexpected token \"}\", expecting \";\" or \"{\" at C:\\Users\\sjeew\\OneDrive\\Desktop\\Buy me\\app\\Models\\Notifylk.php:10)
[stacktrace]
#0 {main}
"} 
[2025-03-17 16:11:45] local.ERROR: syntax error, unexpected token "}", expecting ";" or "{" {"exception":"[object] (Symfony\\Component\\ErrorHandler\\Error\\FatalError(code: 0): syntax error, unexpected token \"}\", expecting \";\" or \"{\" at C:\\Users\\sjeew\\OneDrive\\Desktop\\Buy me\\app\\Models\\Notifylk.php:10)
[stacktrace]
#0 {main}
"} 
[2025-03-17 16:12:45] local.ERROR: syntax error, unexpected token "}", expecting ";" or "{" {"exception":"[object] (Symfony\\Component\\ErrorHandler\\Error\\FatalError(code: 0): syntax error, unexpected token \"}\", expecting \";\" or \"{\" at C:\\Users\\sjeew\\OneDrive\\Desktop\\Buy me\\app\\Models\\Notifylk.php:10)
[stacktrace]
#0 {main}
"} 
[2025-03-17 16:13:45] local.ERROR: syntax error, unexpected token "}", expecting ";" or "{" {"exception":"[object] (Symfony\\Component\\ErrorHandler\\Error\\FatalError(code: 0): syntax error, unexpected token \"}\", expecting \";\" or \"{\" at C:\\Users\\sjeew\\OneDrive\\Desktop\\Buy me\\app\\Models\\Notifylk.php:10)
[stacktrace]
#0 {main}
"} 
[2025-03-17 16:14:45] local.ERROR: syntax error, unexpected token "}", expecting ";" or "{" {"exception":"[object] (Symfony\\Component\\ErrorHandler\\Error\\FatalError(code: 0): syntax error, unexpected token \"}\", expecting \";\" or \"{\" at C:\\Users\\sjeew\\OneDrive\\Desktop\\Buy me\\app\\Models\\Notifylk.php:10)
[stacktrace]
#0 {main}
"} 
[2025-03-17 16:15:45] local.ERROR: syntax error, unexpected token "}", expecting ";" or "{" {"exception":"[object] (Symfony\\Component\\ErrorHandler\\Error\\FatalError(code: 0): syntax error, unexpected token \"}\", expecting \";\" or \"{\" at C:\\Users\\sjeew\\OneDrive\\Desktop\\Buy me\\app\\Models\\Notifylk.php:10)
[stacktrace]
#0 {main}
"} 
[2025-03-17 16:16:45] local.ERROR: syntax error, unexpected token "}", expecting ";" or "{" {"exception":"[object] (Symfony\\Component\\ErrorHandler\\Error\\FatalError(code: 0): syntax error, unexpected token \"}\", expecting \";\" or \"{\" at C:\\Users\\sjeew\\OneDrive\\Desktop\\Buy me\\app\\Models\\Notifylk.php:10)
[stacktrace]
#0 {main}
"} 
[2025-03-17 16:17:45] local.ERROR: syntax error, unexpected token "}", expecting ";" or "{" {"exception":"[object] (Symfony\\Component\\ErrorHandler\\Error\\FatalError(code: 0): syntax error, unexpected token \"}\", expecting \";\" or \"{\" at C:\\Users\\sjeew\\OneDrive\\Desktop\\Buy me\\app\\Models\\Notifylk.php:10)
[stacktrace]
#0 {main}
"} 
[2025-03-17 16:18:45] local.ERROR: syntax error, unexpected token "}", expecting ";" or "{" {"exception":"[object] (Symfony\\Component\\ErrorHandler\\Error\\FatalError(code: 0): syntax error, unexpected token \"}\", expecting \";\" or \"{\" at C:\\Users\\sjeew\\OneDrive\\Desktop\\Buy me\\app\\Models\\Notifylk.php:10)
[stacktrace]
#0 {main}
"} 
[2025-03-17 16:19:45] local.ERROR: syntax error, unexpected token "}", expecting ";" or "{" {"exception":"[object] (Symfony\\Component\\ErrorHandler\\Error\\FatalError(code: 0): syntax error, unexpected token \"}\", expecting \";\" or \"{\" at C:\\Users\\sjeew\\OneDrive\\Desktop\\Buy me\\app\\Models\\Notifylk.php:10)
[stacktrace]
#0 {main}
"} 
[2025-03-17 16:20:45] local.ERROR: syntax error, unexpected token "}", expecting ";" or "{" {"exception":"[object] (Symfony\\Component\\ErrorHandler\\Error\\FatalError(code: 0): syntax error, unexpected token \"}\", expecting \";\" or \"{\" at C:\\Users\\sjeew\\OneDrive\\Desktop\\Buy me\\app\\Models\\Notifylk.php:10)
[stacktrace]
#0 {main}
"} 
[2025-03-17 16:21:45] local.ERROR: syntax error, unexpected token "}", expecting ";" or "{" {"exception":"[object] (Symfony\\Component\\ErrorHandler\\Error\\FatalError(code: 0): syntax error, unexpected token \"}\", expecting \";\" or \"{\" at C:\\Users\\sjeew\\OneDrive\\Desktop\\Buy me\\app\\Models\\Notifylk.php:10)
[stacktrace]
#0 {main}
"} 
[2025-03-17 16:22:45] local.ERROR: syntax error, unexpected token "}", expecting ";" or "{" {"exception":"[object] (Symfony\\Component\\ErrorHandler\\Error\\FatalError(code: 0): syntax error, unexpected token \"}\", expecting \";\" or \"{\" at C:\\Users\\sjeew\\OneDrive\\Desktop\\Buy me\\app\\Models\\Notifylk.php:10)
[stacktrace]
#0 {main}
"} 
[2025-03-17 16:23:45] local.ERROR: syntax error, unexpected token "}", expecting ";" or "{" {"exception":"[object] (Symfony\\Component\\ErrorHandler\\Error\\FatalError(code: 0): syntax error, unexpected token \"}\", expecting \";\" or \"{\" at C:\\Users\\sjeew\\OneDrive\\Desktop\\Buy me\\app\\Models\\Notifylk.php:10)
[stacktrace]
#0 {main}
"} 
[2025-03-17 16:24:45] local.ERROR: syntax error, unexpected token "}", expecting ";" or "{" {"exception":"[object] (Symfony\\Component\\ErrorHandler\\Error\\FatalError(code: 0): syntax error, unexpected token \"}\", expecting \";\" or \"{\" at C:\\Users\\sjeew\\OneDrive\\Desktop\\Buy me\\app\\Models\\Notifylk.php:10)
[stacktrace]
#0 {main}
"} 
[2025-03-17 16:25:45] local.ERROR: syntax error, unexpected token "}", expecting ";" or "{" {"exception":"[object] (Symfony\\Component\\ErrorHandler\\Error\\FatalError(code: 0): syntax error, unexpected token \"}\", expecting \";\" or \"{\" at C:\\Users\\sjeew\\OneDrive\\Desktop\\Buy me\\app\\Models\\Notifylk.php:10)
[stacktrace]
#0 {main}
"} 
[2025-03-17 16:26:45] local.ERROR: syntax error, unexpected token "}", expecting ";" or "{" {"exception":"[object] (Symfony\\Component\\ErrorHandler\\Error\\FatalError(code: 0): syntax error, unexpected token \"}\", expecting \";\" or \"{\" at C:\\Users\\sjeew\\OneDrive\\Desktop\\Buy me\\app\\Models\\Notifylk.php:10)
[stacktrace]
#0 {main}
"} 
[2025-03-17 16:27:45] local.ERROR: syntax error, unexpected token "}", expecting ";" or "{" {"exception":"[object] (Symfony\\Component\\ErrorHandler\\Error\\FatalError(code: 0): syntax error, unexpected token \"}\", expecting \";\" or \"{\" at C:\\Users\\sjeew\\OneDrive\\Desktop\\Buy me\\app\\Models\\Notifylk.php:10)
[stacktrace]
#0 {main}
"} 
[2025-03-17 16:28:45] local.ERROR: syntax error, unexpected token "}", expecting ";" or "{" {"exception":"[object] (Symfony\\Component\\ErrorHandler\\Error\\FatalError(code: 0): syntax error, unexpected token \"}\", expecting \";\" or \"{\" at C:\\Users\\sjeew\\OneDrive\\Desktop\\Buy me\\app\\Models\\Notifylk.php:10)
[stacktrace]
#0 {main}
"} 
[2025-03-17 16:29:45] local.ERROR: syntax error, unexpected token "}", expecting ";" or "{" {"exception":"[object] (Symfony\\Component\\ErrorHandler\\Error\\FatalError(code: 0): syntax error, unexpected token \"}\", expecting \";\" or \"{\" at C:\\Users\\sjeew\\OneDrive\\Desktop\\Buy me\\app\\Models\\Notifylk.php:10)
[stacktrace]
#0 {main}
"} 
[2025-03-17 16:30:45] local.ERROR: syntax error, unexpected token "}", expecting ";" or "{" {"exception":"[object] (Symfony\\Component\\ErrorHandler\\Error\\FatalError(code: 0): syntax error, unexpected token \"}\", expecting \";\" or \"{\" at C:\\Users\\sjeew\\OneDrive\\Desktop\\Buy me\\app\\Models\\Notifylk.php:10)
[stacktrace]
#0 {main}
"} 
[2025-03-17 16:31:45] local.ERROR: syntax error, unexpected token "}", expecting ";" or "{" {"exception":"[object] (Symfony\\Component\\ErrorHandler\\Error\\FatalError(code: 0): syntax error, unexpected token \"}\", expecting \";\" or \"{\" at C:\\Users\\sjeew\\OneDrive\\Desktop\\Buy me\\app\\Models\\Notifylk.php:10)
[stacktrace]
#0 {main}
"} 
[2025-03-17 16:32:45] local.ERROR: syntax error, unexpected token "}", expecting ";" or "{" {"exception":"[object] (Symfony\\Component\\ErrorHandler\\Error\\FatalError(code: 0): syntax error, unexpected token \"}\", expecting \";\" or \"{\" at C:\\Users\\sjeew\\OneDrive\\Desktop\\Buy me\\app\\Models\\Notifylk.php:10)
[stacktrace]
#0 {main}
"} 
[2025-03-17 16:33:45] local.ERROR: syntax error, unexpected token "}", expecting ";" or "{" {"exception":"[object] (Symfony\\Component\\ErrorHandler\\Error\\FatalError(code: 0): syntax error, unexpected token \"}\", expecting \";\" or \"{\" at C:\\Users\\sjeew\\OneDrive\\Desktop\\Buy me\\app\\Models\\Notifylk.php:10)
[stacktrace]
#0 {main}
"} 
[2025-03-17 16:34:45] local.ERROR: syntax error, unexpected token "}", expecting ";" or "{" {"exception":"[object] (Symfony\\Component\\ErrorHandler\\Error\\FatalError(code: 0): syntax error, unexpected token \"}\", expecting \";\" or \"{\" at C:\\Users\\sjeew\\OneDrive\\Desktop\\Buy me\\app\\Models\\Notifylk.php:10)
[stacktrace]
#0 {main}
"} 
[2025-03-17 16:35:45] local.ERROR: syntax error, unexpected token "}", expecting ";" or "{" {"exception":"[object] (Symfony\\Component\\ErrorHandler\\Error\\FatalError(code: 0): syntax error, unexpected token \"}\", expecting \";\" or \"{\" at C:\\Users\\sjeew\\OneDrive\\Desktop\\Buy me\\app\\Models\\Notifylk.php:10)
[stacktrace]
#0 {main}
"} 
[2025-03-17 16:36:45] local.ERROR: syntax error, unexpected token "}", expecting ";" or "{" {"exception":"[object] (Symfony\\Component\\ErrorHandler\\Error\\FatalError(code: 0): syntax error, unexpected token \"}\", expecting \";\" or \"{\" at C:\\Users\\sjeew\\OneDrive\\Desktop\\Buy me\\app\\Models\\Notifylk.php:10)
[stacktrace]
#0 {main}
"} 
[2025-03-17 16:37:45] local.ERROR: syntax error, unexpected token "}", expecting ";" or "{" {"exception":"[object] (Symfony\\Component\\ErrorHandler\\Error\\FatalError(code: 0): syntax error, unexpected token \"}\", expecting \";\" or \"{\" at C:\\Users\\sjeew\\OneDrive\\Desktop\\Buy me\\app\\Models\\Notifylk.php:10)
[stacktrace]
#0 {main}
"} 
[2025-03-17 16:38:45] local.ERROR: syntax error, unexpected token "}", expecting ";" or "{" {"exception":"[object] (Symfony\\Component\\ErrorHandler\\Error\\FatalError(code: 0): syntax error, unexpected token \"}\", expecting \";\" or \"{\" at C:\\Users\\sjeew\\OneDrive\\Desktop\\Buy me\\app\\Models\\Notifylk.php:10)
[stacktrace]
#0 {main}
"} 
[2025-03-17 16:39:45] local.ERROR: syntax error, unexpected token "}", expecting ";" or "{" {"exception":"[object] (Symfony\\Component\\ErrorHandler\\Error\\FatalError(code: 0): syntax error, unexpected token \"}\", expecting \";\" or \"{\" at C:\\Users\\sjeew\\OneDrive\\Desktop\\Buy me\\app\\Models\\Notifylk.php:10)
[stacktrace]
#0 {main}
"} 
[2025-03-17 16:40:45] local.ERROR: syntax error, unexpected token "}", expecting ";" or "{" {"exception":"[object] (Symfony\\Component\\ErrorHandler\\Error\\FatalError(code: 0): syntax error, unexpected token \"}\", expecting \";\" or \"{\" at C:\\Users\\sjeew\\OneDrive\\Desktop\\Buy me\\app\\Models\\Notifylk.php:10)
[stacktrace]
#0 {main}
"} 
[2025-03-17 16:41:45] local.ERROR: syntax error, unexpected token "}", expecting ";" or "{" {"exception":"[object] (Symfony\\Component\\ErrorHandler\\Error\\FatalError(code: 0): syntax error, unexpected token \"}\", expecting \";\" or \"{\" at C:\\Users\\sjeew\\OneDrive\\Desktop\\Buy me\\app\\Models\\Notifylk.php:10)
[stacktrace]
#0 {main}
"} 
[2025-03-17 16:42:45] local.ERROR: syntax error, unexpected token "}", expecting ";" or "{" {"exception":"[object] (Symfony\\Component\\ErrorHandler\\Error\\FatalError(code: 0): syntax error, unexpected token \"}\", expecting \";\" or \"{\" at C:\\Users\\sjeew\\OneDrive\\Desktop\\Buy me\\app\\Models\\Notifylk.php:10)
[stacktrace]
#0 {main}
"} 
[2025-03-17 16:43:45] local.ERROR: syntax error, unexpected token "}", expecting ";" or "{" {"exception":"[object] (Symfony\\Component\\ErrorHandler\\Error\\FatalError(code: 0): syntax error, unexpected token \"}\", expecting \";\" or \"{\" at C:\\Users\\sjeew\\OneDrive\\Desktop\\Buy me\\app\\Models\\Notifylk.php:10)
[stacktrace]
#0 {main}
"} 
[2025-03-17 16:44:45] local.ERROR: syntax error, unexpected token "}", expecting ";" or "{" {"exception":"[object] (Symfony\\Component\\ErrorHandler\\Error\\FatalError(code: 0): syntax error, unexpected token \"}\", expecting \";\" or \"{\" at C:\\Users\\sjeew\\OneDrive\\Desktop\\Buy me\\app\\Models\\Notifylk.php:10)
[stacktrace]
#0 {main}
"} 
[2025-03-17 16:45:45] local.ERROR: syntax error, unexpected token "}", expecting ";" or "{" {"exception":"[object] (Symfony\\Component\\ErrorHandler\\Error\\FatalError(code: 0): syntax error, unexpected token \"}\", expecting \";\" or \"{\" at C:\\Users\\sjeew\\OneDrive\\Desktop\\Buy me\\app\\Models\\Notifylk.php:10)
[stacktrace]
#0 {main}
"} 
[2025-03-17 16:46:45] local.ERROR: syntax error, unexpected token "}", expecting ";" or "{" {"exception":"[object] (Symfony\\Component\\ErrorHandler\\Error\\FatalError(code: 0): syntax error, unexpected token \"}\", expecting \";\" or \"{\" at C:\\Users\\sjeew\\OneDrive\\Desktop\\Buy me\\app\\Models\\Notifylk.php:10)
[stacktrace]
#0 {main}
"} 
[2025-03-17 16:47:45] local.ERROR: syntax error, unexpected token "}", expecting ";" or "{" {"exception":"[object] (Symfony\\Component\\ErrorHandler\\Error\\FatalError(code: 0): syntax error, unexpected token \"}\", expecting \";\" or \"{\" at C:\\Users\\sjeew\\OneDrive\\Desktop\\Buy me\\app\\Models\\Notifylk.php:10)
[stacktrace]
#0 {main}
"} 
[2025-03-17 16:48:45] local.ERROR: syntax error, unexpected token "}", expecting ";" or "{" {"exception":"[object] (Symfony\\Component\\ErrorHandler\\Error\\FatalError(code: 0): syntax error, unexpected token \"}\", expecting \";\" or \"{\" at C:\\Users\\sjeew\\OneDrive\\Desktop\\Buy me\\app\\Models\\Notifylk.php:10)
[stacktrace]
#0 {main}
"} 
[2025-03-17 16:49:45] local.ERROR: syntax error, unexpected token "}", expecting ";" or "{" {"exception":"[object] (Symfony\\Component\\ErrorHandler\\Error\\FatalError(code: 0): syntax error, unexpected token \"}\", expecting \";\" or \"{\" at C:\\Users\\sjeew\\OneDrive\\Desktop\\Buy me\\app\\Models\\Notifylk.php:10)
[stacktrace]
#0 {main}
"} 
[2025-03-17 16:50:45] local.ERROR: syntax error, unexpected token "}", expecting ";" or "{" {"exception":"[object] (Symfony\\Component\\ErrorHandler\\Error\\FatalError(code: 0): syntax error, unexpected token \"}\", expecting \";\" or \"{\" at C:\\Users\\sjeew\\OneDrive\\Desktop\\Buy me\\app\\Models\\Notifylk.php:10)
[stacktrace]
#0 {main}
"} 
[2025-03-17 16:51:45] local.ERROR: syntax error, unexpected token "}", expecting ";" or "{" {"exception":"[object] (Symfony\\Component\\ErrorHandler\\Error\\FatalError(code: 0): syntax error, unexpected token \"}\", expecting \";\" or \"{\" at C:\\Users\\sjeew\\OneDrive\\Desktop\\Buy me\\app\\Models\\Notifylk.php:10)
[stacktrace]
#0 {main}
"} 
[2025-03-17 16:52:45] local.ERROR: syntax error, unexpected token "}", expecting ";" or "{" {"exception":"[object] (Symfony\\Component\\ErrorHandler\\Error\\FatalError(code: 0): syntax error, unexpected token \"}\", expecting \";\" or \"{\" at C:\\Users\\sjeew\\OneDrive\\Desktop\\Buy me\\app\\Models\\Notifylk.php:10)
[stacktrace]
#0 {main}
"} 
[2025-03-17 16:53:45] local.ERROR: syntax error, unexpected token "}", expecting ";" or "{" {"exception":"[object] (Symfony\\Component\\ErrorHandler\\Error\\FatalError(code: 0): syntax error, unexpected token \"}\", expecting \";\" or \"{\" at C:\\Users\\sjeew\\OneDrive\\Desktop\\Buy me\\app\\Models\\Notifylk.php:10)
[stacktrace]
#0 {main}
"} 
[2025-03-17 16:54:45] local.ERROR: syntax error, unexpected token "}", expecting ";" or "{" {"exception":"[object] (Symfony\\Component\\ErrorHandler\\Error\\FatalError(code: 0): syntax error, unexpected token \"}\", expecting \";\" or \"{\" at C:\\Users\\sjeew\\OneDrive\\Desktop\\Buy me\\app\\Models\\Notifylk.php:10)
[stacktrace]
#0 {main}
"} 
[2025-03-17 16:55:45] local.ERROR: syntax error, unexpected token "}", expecting ";" or "{" {"exception":"[object] (Symfony\\Component\\ErrorHandler\\Error\\FatalError(code: 0): syntax error, unexpected token \"}\", expecting \";\" or \"{\" at C:\\Users\\sjeew\\OneDrive\\Desktop\\Buy me\\app\\Models\\Notifylk.php:10)
[stacktrace]
#0 {main}
"} 
[2025-03-17 16:56:45] local.ERROR: syntax error, unexpected token "}", expecting ";" or "{" {"exception":"[object] (Symfony\\Component\\ErrorHandler\\Error\\FatalError(code: 0): syntax error, unexpected token \"}\", expecting \";\" or \"{\" at C:\\Users\\sjeew\\OneDrive\\Desktop\\Buy me\\app\\Models\\Notifylk.php:10)
[stacktrace]
#0 {main}
"} 
[2025-03-17 16:57:45] local.ERROR: syntax error, unexpected token "}", expecting ";" or "{" {"exception":"[object] (Symfony\\Component\\ErrorHandler\\Error\\FatalError(code: 0): syntax error, unexpected token \"}\", expecting \";\" or \"{\" at C:\\Users\\sjeew\\OneDrive\\Desktop\\Buy me\\app\\Models\\Notifylk.php:10)
[stacktrace]
#0 {main}
"} 
[2025-03-17 16:58:45] local.ERROR: syntax error, unexpected token "}", expecting ";" or "{" {"exception":"[object] (Symfony\\Component\\ErrorHandler\\Error\\FatalError(code: 0): syntax error, unexpected token \"}\", expecting \";\" or \"{\" at C:\\Users\\sjeew\\OneDrive\\Desktop\\Buy me\\app\\Models\\Notifylk.php:10)
[stacktrace]
#0 {main}
"} 
[2025-03-17 16:59:45] local.ERROR: syntax error, unexpected token "}", expecting ";" or "{" {"exception":"[object] (Symfony\\Component\\ErrorHandler\\Error\\FatalError(code: 0): syntax error, unexpected token \"}\", expecting \";\" or \"{\" at C:\\Users\\sjeew\\OneDrive\\Desktop\\Buy me\\app\\Models\\Notifylk.php:10)
[stacktrace]
#0 {main}
"} 
[2025-03-17 17:00:45] local.ERROR: syntax error, unexpected token "}", expecting ";" or "{" {"exception":"[object] (Symfony\\Component\\ErrorHandler\\Error\\FatalError(code: 0): syntax error, unexpected token \"}\", expecting \";\" or \"{\" at C:\\Users\\sjeew\\OneDrive\\Desktop\\Buy me\\app\\Models\\Notifylk.php:10)
[stacktrace]
#0 {main}
"} 
[2025-03-17 17:01:45] local.ERROR: syntax error, unexpected token "}", expecting ";" or "{" {"exception":"[object] (Symfony\\Component\\ErrorHandler\\Error\\FatalError(code: 0): syntax error, unexpected token \"}\", expecting \";\" or \"{\" at C:\\Users\\sjeew\\OneDrive\\Desktop\\Buy me\\app\\Models\\Notifylk.php:10)
[stacktrace]
#0 {main}
"} 
[2025-03-17 17:02:45] local.ERROR: syntax error, unexpected token "}", expecting ";" or "{" {"exception":"[object] (Symfony\\Component\\ErrorHandler\\Error\\FatalError(code: 0): syntax error, unexpected token \"}\", expecting \";\" or \"{\" at C:\\Users\\sjeew\\OneDrive\\Desktop\\Buy me\\app\\Models\\Notifylk.php:10)
[stacktrace]
#0 {main}
"} 
[2025-03-17 17:03:45] local.ERROR: syntax error, unexpected token "}", expecting ";" or "{" {"exception":"[object] (Symfony\\Component\\ErrorHandler\\Error\\FatalError(code: 0): syntax error, unexpected token \"}\", expecting \";\" or \"{\" at C:\\Users\\sjeew\\OneDrive\\Desktop\\Buy me\\app\\Models\\Notifylk.php:10)
[stacktrace]
#0 {main}
"} 
[2025-03-17 17:04:45] local.ERROR: syntax error, unexpected token "}", expecting ";" or "{" {"exception":"[object] (Symfony\\Component\\ErrorHandler\\Error\\FatalError(code: 0): syntax error, unexpected token \"}\", expecting \";\" or \"{\" at C:\\Users\\sjeew\\OneDrive\\Desktop\\Buy me\\app\\Models\\Notifylk.php:10)
[stacktrace]
#0 {main}
"} 
[2025-03-17 17:05:45] local.ERROR: syntax error, unexpected token "}", expecting ";" or "{" {"exception":"[object] (Symfony\\Component\\ErrorHandler\\Error\\FatalError(code: 0): syntax error, unexpected token \"}\", expecting \";\" or \"{\" at C:\\Users\\sjeew\\OneDrive\\Desktop\\Buy me\\app\\Models\\Notifylk.php:10)
[stacktrace]
#0 {main}
"} 
